<?xml version="1.0" encoding="UTF-8"?>
<robot generator="Robot 5.0.1 (Python 3.9.13 on win32)" generated="20230111 14:31:33.110" rpa="true" schemaversion="3">
<suite id="s1" name="Amazontask" source="c:\Users\priyanka.madugula\Documents\visual studio code\Amazon task\amazontask.robot">
<test id="s1-t1" name="DataScraping Demo" line="111">
<try>
<branch type="TRY">
<kw name="Opening Amazon Browser">
<kw name="Parse Xml" library="XML">
<var>${config}</var>
<arg>config.xml</arg>
<doc>Parses the given XML file or string into an element structure.</doc>
<msg timestamp="20230111 14:31:37.118" level="INFO">${config} = &lt;Element 'config' at 0x0000028B5402E680&gt;</msg>
<status status="PASS" starttime="20230111 14:31:37.105" endtime="20230111 14:31:37.125"/>
</kw>
<kw name="Get Element Text" library="XML">
<var>${url}</var>
<arg>${config}[0]</arg>
<doc>Returns all text of the element, possibly whitespace normalized.</doc>
<msg timestamp="20230111 14:31:37.134" level="INFO">${url} = https://www.amazon.in/</msg>
<status status="PASS" starttime="20230111 14:31:37.127" endtime="20230111 14:31:37.136"/>
</kw>
<kw name="Open Available Browser" library="RPA.Browser.Selenium">
<arg>${url}</arg>
<arg>maximized=True</arg>
<arg>browser_selection=Chrome</arg>
<doc>Attempts to open a browser on the user's device from a set of
supported browsers. Automatically downloads a corresponding webdriver
if none is already installed.</doc>
<msg timestamp="20230111 14:31:37.142" level="INFO">Creating an instance of the Chrome WebDriver.</msg>
<msg timestamp="20230111 14:31:39.873" level="INFO">Created Chrome browser with arguments: --start-maximized --disable-dev-shm-usage --disable-web-security --allow-running-insecure-content --no-sandbox</msg>
<msg timestamp="20230111 14:31:39.874" level="INFO" html="true">&lt;p&gt;Attempted combinations:&lt;/p&gt;&lt;div class="doc"&gt;&lt;table&gt;&lt;tr&gt;&lt;th&gt;Browser&lt;/th&gt;&lt;th&gt;Download&lt;/th&gt;&lt;th&gt;Error&lt;/th&gt;&lt;/tr&gt;&lt;tr&gt;&lt;td&gt;Chrome&lt;/td&gt;&lt;td&gt;False&lt;/td&gt;&lt;td&gt;&lt;/td&gt;&lt;/tr&gt;&lt;/table&gt;&lt;/div&gt;</msg>
<msg timestamp="20230111 14:31:39.875" level="INFO">Opening url 'https://www.amazon.in/'</msg>
<status status="PASS" starttime="20230111 14:31:37.138" endtime="20230111 14:31:47.212"/>
</kw>
<kw name="Click Element" library="RPA.Browser.Selenium">
<arg>//*[@id="twotabsearchtextbox"]</arg>
<doc>Click the element identified by ``locator``.</doc>
<msg timestamp="20230111 14:31:47.216" level="INFO">Clicking element '//*[@id="twotabsearchtextbox"]'.</msg>
<status status="PASS" starttime="20230111 14:31:47.213" endtime="20230111 14:31:47.383"/>
</kw>
<kw name="Input Text" library="RPA.Browser.Selenium">
<arg>//*[@id="twotabsearchtextbox"]</arg>
<arg>mobiles</arg>
<doc>Types the given ``text`` into the text field identified by ``locator``.</doc>
<msg timestamp="20230111 14:31:47.390" level="INFO">Typing text 'mobiles' into text field '//*[@id="twotabsearchtextbox"]'.</msg>
<status status="PASS" starttime="20230111 14:31:47.385" endtime="20230111 14:31:47.561"/>
</kw>
<kw name="Click Element" library="RPA.Browser.Selenium">
<arg>//*[@id="nav-search-submit-button"]</arg>
<doc>Click the element identified by ``locator``.</doc>
<msg timestamp="20230111 14:31:47.568" level="INFO">Clicking element '//*[@id="nav-search-submit-button"]'.</msg>
<status status="PASS" starttime="20230111 14:31:47.563" endtime="20230111 14:31:56.342"/>
</kw>
<kw name="Sleep" library="BuiltIn">
<arg>2s</arg>
<doc>Pauses the test executed for the given time.</doc>
<msg timestamp="20230111 14:31:58.354" level="INFO">Slept 2 seconds</msg>
<status status="PASS" starttime="20230111 14:31:56.343" endtime="20230111 14:31:58.356"/>
</kw>
<status status="PASS" starttime="20230111 14:31:37.101" endtime="20230111 14:31:58.358"/>
</kw>
<status status="PASS" starttime="20230111 14:31:37.096" endtime="20230111 14:31:58.359"/>
</branch>
<branch type="EXCEPT">
<pattern>Open Workbook</pattern>
<pattern>Amazon output.xlsx</pattern>
<pattern>overwrite=True</pattern>
<kw name="Read Worksheet" library="RPA.Excel.Files">
<arg>Sheet1</arg>
<doc>Read the content of a worksheet into a list of dictionaries.</doc>
<status status="NOT RUN" starttime="20230111 14:31:58.364" endtime="20230111 14:31:58.366"/>
</kw>
<kw name="Set Cell Value" library="RPA.Excel.Files">
<arg>1</arg>
<arg>A</arg>
<arg>PRODUCT NAME</arg>
<doc>Set a cell value in the given worksheet.</doc>
<status status="NOT RUN" starttime="20230111 14:31:58.367" endtime="20230111 14:31:58.369"/>
</kw>
<kw name="Set Cell Value" library="RPA.Excel.Files">
<arg>1</arg>
<arg>B</arg>
<arg>PRODUCT RATING</arg>
<doc>Set a cell value in the given worksheet.</doc>
<status status="NOT RUN" starttime="20230111 14:31:58.371" endtime="20230111 14:31:58.372"/>
</kw>
<kw name="Set Cell Value" library="RPA.Excel.Files">
<arg>1</arg>
<arg>C</arg>
<arg>PRODUCT PRICE</arg>
<doc>Set a cell value in the given worksheet.</doc>
<status status="NOT RUN" starttime="20230111 14:31:58.373" endtime="20230111 14:31:58.375"/>
</kw>
<kw name="Save Workbook" library="RPA.Excel.Files">
<doc>Save the active workbook.</doc>
<status status="NOT RUN" starttime="20230111 14:31:58.376" endtime="20230111 14:31:58.381"/>
</kw>
<status status="NOT RUN" starttime="20230111 14:31:58.360" endtime="20230111 14:31:58.382"/>
</branch>
<branch type="FINALLY">
<kw name="DataScraping Results">
<kw name="Set Variable" library="BuiltIn">
<var>${count}</var>
<arg>2</arg>
<doc>Returns the given values which can then be assigned to a variables.</doc>
<msg timestamp="20230111 14:31:58.392" level="INFO">${count} = 2</msg>
<status status="PASS" starttime="20230111 14:31:58.389" endtime="20230111 14:31:58.392"/>
</kw>
<kw name="Get WebElements" library="RPA.Browser.Selenium">
<var>${name}</var>
<arg>xpath=//span[@class="a-size-medium a-color-base a-text-normal"]</arg>
<doc>Returns a list of WebElement objects matching the ``locator``.</doc>
<msg timestamp="20230111 14:31:58.450" level="INFO">${name} = [&lt;selenium.webdriver.remote.webelement.WebElement (session="68595923a9c9ae75829cdc751eb2e350", element="87a72f2b-d5fe-4746-aefc-10471a213054")&gt;, &lt;selenium.webdriver.remote.webelement.WebElement (sessi...</msg>
<status status="PASS" starttime="20230111 14:31:58.394" endtime="20230111 14:31:58.451"/>
</kw>
<for flavor="IN">
<var>${element}</var>
<value>@{name}</value>
<iter>
<var name="${element}">&lt;selenium.webdriver.remote.webelement.WebElement (session="68595923a9c9ae75829cdc751eb2e350", element="87a72f2b-d5fe-4746-aefc-10471a213054")&gt;</var>
<kw name="Get Text" library="RPA.Browser.Selenium">
<var>${product name}</var>
<arg>${element}</arg>
<doc>Returns the text value of the element identified by ``locator``.</doc>
<msg timestamp="20230111 14:31:58.500" level="INFO">${product name} = IKALL Z19 Smartphone with 6.5 Inch HD Display (4GB RAM, 64GB Internal Memory) (1.6 Ghz Octa Core) (Black)</msg>
<status status="PASS" starttime="20230111 14:31:58.458" endtime="20230111 14:31:58.501"/>
</kw>
<kw name="Log To Console" library="BuiltIn">
<arg>${product name}</arg>
<doc>Logs the given message to the console.</doc>
<status status="PASS" starttime="20230111 14:31:58.503" endtime="20230111 14:31:58.506"/>
</kw>
<kw name="Open Workbook" library="RPA.Excel.Files">
<arg>Amazon output.xlsx</arg>
<doc>Open an existing Excel workbook.</doc>
<msg timestamp="20230111 14:31:58.858" level="INFO">Opened workbook: &lt;RPA.Excel.Files.XlsxWorkbook object at 0x0000028B54097CD0&gt;</msg>
<status status="PASS" starttime="20230111 14:31:58.508" endtime="20230111 14:31:58.859"/>
</kw>
<kw name="Read Worksheet" library="RPA.Excel.Files">
<arg>Sheet1</arg>
<doc>Read the content of a worksheet into a list of dictionaries.</doc>
<status status="PASS" starttime="20230111 14:31:58.862" endtime="20230111 14:31:59.053"/>
</kw>
<kw name="Set Cell Value" library="RPA.Excel.Files">
<arg>${count}</arg>
<arg>A</arg>
<arg>${product name}</arg>
<doc>Set a cell value in the given worksheet.</doc>
<status status="PASS" starttime="20230111 14:31:59.055" endtime="20230111 14:31:59.059"/>
</kw>
<kw name="Save Workbook" library="RPA.Excel.Files">
<doc>Save the active workbook.</doc>
<status status="PASS" starttime="20230111 14:31:59.063" endtime="20230111 14:31:59.184"/>
</kw>
<kw name="Evaluate" library="BuiltIn">
<var>${count}</var>
<arg>${count} + 1</arg>
<doc>Evaluates the given expression in Python and returns the result.</doc>
<msg timestamp="20230111 14:31:59.189" level="INFO">${count} = 3</msg>
<status status="PASS" starttime="20230111 14:31:59.187" endtime="20230111 14:31:59.190"/>
</kw>
<status status="PASS" starttime="20230111 14:31:58.456" endtime="20230111 14:31:59.191"/>
</iter>
<iter>
<var name="${element}">&lt;selenium.webdriver.remote.webelement.WebElement (session="68595923a9c9ae75829cdc751eb2e350", element="41387a2f-894b-4fa7-bc0b-05b1a94b69e8")&gt;</var>
<kw name="Get Text" library="RPA.Browser.Selenium">
<var>${product name}</var>
<arg>${element}</arg>
<doc>Returns the text value of the element identified by ``locator``.</doc>
<msg timestamp="20230111 14:31:59.228" level="INFO">${product name} = Redmi K50i 5G (Quick Silver, 6GB RAM, 128GB Storage) | Flagship Mediatek Dimensity 8100 Processor | 144Hz Liquid FFS Display</msg>
<status status="PASS" starttime="20230111 14:31:59.194" endtime="20230111 14:31:59.230"/>
</kw>
<kw name="Log To Console" library="BuiltIn">
<arg>${product name}</arg>
<doc>Logs the given message to the console.</doc>
<status status="PASS" starttime="20230111 14:31:59.232" endtime="20230111 14:31:59.235"/>
</kw>
<kw name="Open Workbook" library="RPA.Excel.Files">
<arg>Amazon output.xlsx</arg>
<doc>Open an existing Excel workbook.</doc>
<msg timestamp="20230111 14:31:59.240" level="INFO">Closing workbook: &lt;RPA.Excel.Files.XlsxWorkbook object at 0x0000028B54097CD0&gt;</msg>
<msg timestamp="20230111 14:31:59.647" level="INFO">Opened workbook: &lt;RPA.Excel.Files.XlsxWorkbook object at 0x0000028B5414F2B0&gt;</msg>
<status status="PASS" starttime="20230111 14:31:59.237" endtime="20230111 14:31:59.649"/>
</kw>
<kw name="Read Worksheet" library="RPA.Excel.Files">
<arg>Sheet1</arg>
<doc>Read the content of a worksheet into a list of dictionaries.</doc>
<status status="PASS" starttime="20230111 14:31:59.651" endtime="20230111 14:31:59.850"/>
</kw>
<kw name="Set Cell Value" library="RPA.Excel.Files">
<arg>${count}</arg>
<arg>A</arg>
<arg>${product name}</arg>
<doc>Set a cell value in the given worksheet.</doc>
<status status="PASS" starttime="20230111 14:31:59.852" endtime="20230111 14:31:59.855"/>
</kw>
<kw name="Save Workbook" library="RPA.Excel.Files">
<doc>Save the active workbook.</doc>
<status status="PASS" starttime="20230111 14:31:59.857" endtime="20230111 14:31:59.981"/>
</kw>
<kw name="Evaluate" library="BuiltIn">
<var>${count}</var>
<arg>${count} + 1</arg>
<doc>Evaluates the given expression in Python and returns the result.</doc>
<msg timestamp="20230111 14:31:59.986" level="INFO">${count} = 4</msg>
<status status="PASS" starttime="20230111 14:31:59.983" endtime="20230111 14:31:59.986"/>
</kw>
<status status="PASS" starttime="20230111 14:31:59.192" endtime="20230111 14:31:59.988"/>
</iter>
<iter>
<var name="${element}">&lt;selenium.webdriver.remote.webelement.WebElement (session="68595923a9c9ae75829cdc751eb2e350", element="3e2cd094-86a4-4b5e-98ea-46d676097149")&gt;</var>
<kw name="Get Text" library="RPA.Browser.Selenium">
<var>${product name}</var>
<arg>${element}</arg>
<doc>Returns the text value of the element identified by ``locator``.</doc>
<msg timestamp="20230111 14:32:00.030" level="INFO">${product name} = Redmi 9A Sport (Coral Green, 2GB RAM, 32GB Storage) | 2GHz Octa-core Helio G25 Processor | 5000 mAh Battery</msg>
<status status="PASS" starttime="20230111 14:31:59.991" endtime="20230111 14:32:00.031"/>
</kw>
<kw name="Log To Console" library="BuiltIn">
<arg>${product name}</arg>
<doc>Logs the given message to the console.</doc>
<status status="PASS" starttime="20230111 14:32:00.032" endtime="20230111 14:32:00.035"/>
</kw>
<kw name="Open Workbook" library="RPA.Excel.Files">
<arg>Amazon output.xlsx</arg>
<doc>Open an existing Excel workbook.</doc>
<msg timestamp="20230111 14:32:00.040" level="INFO">Closing workbook: &lt;RPA.Excel.Files.XlsxWorkbook object at 0x0000028B5414F2B0&gt;</msg>
<msg timestamp="20230111 14:32:00.429" level="INFO">Opened workbook: &lt;RPA.Excel.Files.XlsxWorkbook object at 0x0000028B54210BB0&gt;</msg>
<status status="PASS" starttime="20230111 14:32:00.037" endtime="20230111 14:32:00.431"/>
</kw>
<kw name="Read Worksheet" library="RPA.Excel.Files">
<arg>Sheet1</arg>
<doc>Read the content of a worksheet into a list of dictionaries.</doc>
<status status="PASS" starttime="20230111 14:32:00.432" endtime="20230111 14:32:00.622"/>
</kw>
<kw name="Set Cell Value" library="RPA.Excel.Files">
<arg>${count}</arg>
<arg>A</arg>
<arg>${product name}</arg>
<doc>Set a cell value in the given worksheet.</doc>
<status status="PASS" starttime="20230111 14:32:00.624" endtime="20230111 14:32:00.630"/>
</kw>
<kw name="Save Workbook" library="RPA.Excel.Files">
<doc>Save the active workbook.</doc>
<status status="PASS" starttime="20230111 14:32:00.632" endtime="20230111 14:32:00.748"/>
</kw>
<kw name="Evaluate" library="BuiltIn">
<var>${count}</var>
<arg>${count} + 1</arg>
<doc>Evaluates the given expression in Python and returns the result.</doc>
<msg timestamp="20230111 14:32:00.753" level="INFO">${count} = 5</msg>
<status status="PASS" starttime="20230111 14:32:00.750" endtime="20230111 14:32:00.754"/>
</kw>
<status status="PASS" starttime="20230111 14:31:59.989" endtime="20230111 14:32:00.755"/>
</iter>
<iter>
<var name="${element}">&lt;selenium.webdriver.remote.webelement.WebElement (session="68595923a9c9ae75829cdc751eb2e350", element="e2565944-ac94-4f7f-be4d-03f6996d7f37")&gt;</var>
<kw name="Get Text" library="RPA.Browser.Selenium">
<var>${product name}</var>
<arg>${element}</arg>
<doc>Returns the text value of the element identified by ``locator``.</doc>
<msg timestamp="20230111 14:32:00.790" level="INFO">${product name} = Redmi Note 11T 5G (Aquamarine Blue, 6GB RAM, 128GB ROM)| Dimensity 810 5G | 33W Pro Fast Charging | Charger Included | Additional Exchange Offers| Get 2 Months of YouTube Premium Free!</msg>
<status status="PASS" starttime="20230111 14:32:00.759" endtime="20230111 14:32:00.792"/>
</kw>
<kw name="Log To Console" library="BuiltIn">
<arg>${product name}</arg>
<doc>Logs the given message to the console.</doc>
<status status="PASS" starttime="20230111 14:32:00.796" endtime="20230111 14:32:00.799"/>
</kw>
<kw name="Open Workbook" library="RPA.Excel.Files">
<arg>Amazon output.xlsx</arg>
<doc>Open an existing Excel workbook.</doc>
<msg timestamp="20230111 14:32:00.803" level="INFO">Closing workbook: &lt;RPA.Excel.Files.XlsxWorkbook object at 0x0000028B54210BB0&gt;</msg>
<msg timestamp="20230111 14:32:01.129" level="INFO">Opened workbook: &lt;RPA.Excel.Files.XlsxWorkbook object at 0x0000028B54353220&gt;</msg>
<status status="PASS" starttime="20230111 14:32:00.801" endtime="20230111 14:32:01.131"/>
</kw>
<kw name="Read Worksheet" library="RPA.Excel.Files">
<arg>Sheet1</arg>
<doc>Read the content of a worksheet into a list of dictionaries.</doc>
<status status="PASS" starttime="20230111 14:32:01.133" endtime="20230111 14:32:01.302"/>
</kw>
<kw name="Set Cell Value" library="RPA.Excel.Files">
<arg>${count}</arg>
<arg>A</arg>
<arg>${product name}</arg>
<doc>Set a cell value in the given worksheet.</doc>
<status status="PASS" starttime="20230111 14:32:01.304" endtime="20230111 14:32:01.306"/>
</kw>
<kw name="Save Workbook" library="RPA.Excel.Files">
<doc>Save the active workbook.</doc>
<status status="PASS" starttime="20230111 14:32:01.307" endtime="20230111 14:32:01.409"/>
</kw>
<kw name="Evaluate" library="BuiltIn">
<var>${count}</var>
<arg>${count} + 1</arg>
<doc>Evaluates the given expression in Python and returns the result.</doc>
<msg timestamp="20230111 14:32:01.415" level="INFO">${count} = 6</msg>
<status status="PASS" starttime="20230111 14:32:01.413" endtime="20230111 14:32:01.416"/>
</kw>
<status status="PASS" starttime="20230111 14:32:00.756" endtime="20230111 14:32:01.417"/>
</iter>
<iter>
<var name="${element}">&lt;selenium.webdriver.remote.webelement.WebElement (session="68595923a9c9ae75829cdc751eb2e350", element="6730ad49-7591-4704-8f50-3026121cab7c")&gt;</var>
<kw name="Get Text" library="RPA.Browser.Selenium">
<var>${product name}</var>
<arg>${element}</arg>
<doc>Returns the text value of the element identified by ``locator``.</doc>
<msg timestamp="20230111 14:32:01.450" level="INFO">${product name} = Redmi A1 (Light Blue, 2GB RAM, 32GB Storage) | Segment Best AI Dual Cam | 5000mAh Battery | Leather Texture Design | Android 12</msg>
<status status="PASS" starttime="20230111 14:32:01.420" endtime="20230111 14:32:01.451"/>
</kw>
<kw name="Log To Console" library="BuiltIn">
<arg>${product name}</arg>
<doc>Logs the given message to the console.</doc>
<status status="PASS" starttime="20230111 14:32:01.453" endtime="20230111 14:32:01.456"/>
</kw>
<kw name="Open Workbook" library="RPA.Excel.Files">
<arg>Amazon output.xlsx</arg>
<doc>Open an existing Excel workbook.</doc>
<msg timestamp="20230111 14:32:01.463" level="INFO">Closing workbook: &lt;RPA.Excel.Files.XlsxWorkbook object at 0x0000028B54353220&gt;</msg>
<msg timestamp="20230111 14:32:01.764" level="INFO">Opened workbook: &lt;RPA.Excel.Files.XlsxWorkbook object at 0x0000028B5442E340&gt;</msg>
<status status="PASS" starttime="20230111 14:32:01.459" endtime="20230111 14:32:01.765"/>
</kw>
<kw name="Read Worksheet" library="RPA.Excel.Files">
<arg>Sheet1</arg>
<doc>Read the content of a worksheet into a list of dictionaries.</doc>
<status status="PASS" starttime="20230111 14:32:01.766" endtime="20230111 14:32:01.910"/>
</kw>
<kw name="Set Cell Value" library="RPA.Excel.Files">
<arg>${count}</arg>
<arg>A</arg>
<arg>${product name}</arg>
<doc>Set a cell value in the given worksheet.</doc>
<status status="PASS" starttime="20230111 14:32:01.913" endtime="20230111 14:32:01.917"/>
</kw>
<kw name="Save Workbook" library="RPA.Excel.Files">
<doc>Save the active workbook.</doc>
<status status="PASS" starttime="20230111 14:32:01.919" endtime="20230111 14:32:02.040"/>
</kw>
<kw name="Evaluate" library="BuiltIn">
<var>${count}</var>
<arg>${count} + 1</arg>
<doc>Evaluates the given expression in Python and returns the result.</doc>
<msg timestamp="20230111 14:32:02.047" level="INFO">${count} = 7</msg>
<status status="PASS" starttime="20230111 14:32:02.044" endtime="20230111 14:32:02.047"/>
</kw>
<status status="PASS" starttime="20230111 14:32:01.418" endtime="20230111 14:32:02.048"/>
</iter>
<iter>
<var name="${element}">&lt;selenium.webdriver.remote.webelement.WebElement (session="68595923a9c9ae75829cdc751eb2e350", element="849c166f-02f7-418c-aa7f-809f9fae470d")&gt;</var>
<kw name="Get Text" library="RPA.Browser.Selenium">
<var>${product name}</var>
<arg>${element}</arg>
<doc>Returns the text value of the element identified by ``locator``.</doc>
<msg timestamp="20230111 14:32:02.085" level="INFO">${product name} = Redmi 10A (Slate Grey, 4GB RAM, 64GB Storage) | 2 Ghz Octa Core Helio G25 | 5000 mAh Battery | Finger Print Sensor | Upto 5GB RAM with RAM Booster</msg>
<status status="PASS" starttime="20230111 14:32:02.052" endtime="20230111 14:32:02.086"/>
</kw>
<kw name="Log To Console" library="BuiltIn">
<arg>${product name}</arg>
<doc>Logs the given message to the console.</doc>
<status status="PASS" starttime="20230111 14:32:02.087" endtime="20230111 14:32:02.091"/>
</kw>
<kw name="Open Workbook" library="RPA.Excel.Files">
<arg>Amazon output.xlsx</arg>
<doc>Open an existing Excel workbook.</doc>
<msg timestamp="20230111 14:32:02.098" level="INFO">Closing workbook: &lt;RPA.Excel.Files.XlsxWorkbook object at 0x0000028B5442E340&gt;</msg>
<msg timestamp="20230111 14:32:02.476" level="INFO">Opened workbook: &lt;RPA.Excel.Files.XlsxWorkbook object at 0x0000028B54502460&gt;</msg>
<status status="PASS" starttime="20230111 14:32:02.095" endtime="20230111 14:32:02.479"/>
</kw>
<kw name="Read Worksheet" library="RPA.Excel.Files">
<arg>Sheet1</arg>
<doc>Read the content of a worksheet into a list of dictionaries.</doc>
<status status="PASS" starttime="20230111 14:32:02.480" endtime="20230111 14:32:02.756"/>
</kw>
<kw name="Set Cell Value" library="RPA.Excel.Files">
<arg>${count}</arg>
<arg>A</arg>
<arg>${product name}</arg>
<doc>Set a cell value in the given worksheet.</doc>
<status status="PASS" starttime="20230111 14:32:02.757" endtime="20230111 14:32:02.763"/>
</kw>
<kw name="Save Workbook" library="RPA.Excel.Files">
<doc>Save the active workbook.</doc>
<status status="PASS" starttime="20230111 14:32:02.764" endtime="20230111 14:32:02.863"/>
</kw>
<kw name="Evaluate" library="BuiltIn">
<var>${count}</var>
<arg>${count} + 1</arg>
<doc>Evaluates the given expression in Python and returns the result.</doc>
<msg timestamp="20230111 14:32:02.867" level="INFO">${count} = 8</msg>
<status status="PASS" starttime="20230111 14:32:02.864" endtime="20230111 14:32:02.868"/>
</kw>
<status status="PASS" starttime="20230111 14:32:02.050" endtime="20230111 14:32:02.869"/>
</iter>
<iter>
<var name="${element}">&lt;selenium.webdriver.remote.webelement.WebElement (session="68595923a9c9ae75829cdc751eb2e350", element="981588c1-85a4-4a0d-b4ae-2c9ac75a159e")&gt;</var>
<kw name="Get Text" library="RPA.Browser.Selenium">
<var>${product name}</var>
<arg>${element}</arg>
<doc>Returns the text value of the element identified by ``locator``.</doc>
<msg timestamp="20230111 14:32:02.899" level="INFO">${product name} = realme narzo 50i (Carbon Black, 2GB RAM+32GB Storage) Octa Core Processor | 6.5" inch Large Display</msg>
<status status="PASS" starttime="20230111 14:32:02.870" endtime="20230111 14:32:02.900"/>
</kw>
<kw name="Log To Console" library="BuiltIn">
<arg>${product name}</arg>
<doc>Logs the given message to the console.</doc>
<status status="PASS" starttime="20230111 14:32:02.901" endtime="20230111 14:32:02.903"/>
</kw>
<kw name="Open Workbook" library="RPA.Excel.Files">
<arg>Amazon output.xlsx</arg>
<doc>Open an existing Excel workbook.</doc>
<msg timestamp="20230111 14:32:02.907" level="INFO">Closing workbook: &lt;RPA.Excel.Files.XlsxWorkbook object at 0x0000028B54502460&gt;</msg>
<msg timestamp="20230111 14:32:03.220" level="INFO">Opened workbook: &lt;RPA.Excel.Files.XlsxWorkbook object at 0x0000028B5442EEB0&gt;</msg>
<status status="PASS" starttime="20230111 14:32:02.905" endtime="20230111 14:32:03.222"/>
</kw>
<kw name="Read Worksheet" library="RPA.Excel.Files">
<arg>Sheet1</arg>
<doc>Read the content of a worksheet into a list of dictionaries.</doc>
<status status="PASS" starttime="20230111 14:32:03.222" endtime="20230111 14:32:03.364"/>
</kw>
<kw name="Set Cell Value" library="RPA.Excel.Files">
<arg>${count}</arg>
<arg>A</arg>
<arg>${product name}</arg>
<doc>Set a cell value in the given worksheet.</doc>
<status status="PASS" starttime="20230111 14:32:03.365" endtime="20230111 14:32:03.368"/>
</kw>
<kw name="Save Workbook" library="RPA.Excel.Files">
<doc>Save the active workbook.</doc>
<status status="PASS" starttime="20230111 14:32:03.369" endtime="20230111 14:32:03.455"/>
</kw>
<kw name="Evaluate" library="BuiltIn">
<var>${count}</var>
<arg>${count} + 1</arg>
<doc>Evaluates the given expression in Python and returns the result.</doc>
<msg timestamp="20230111 14:32:03.462" level="INFO">${count} = 9</msg>
<status status="PASS" starttime="20230111 14:32:03.456" endtime="20230111 14:32:03.462"/>
</kw>
<status status="PASS" starttime="20230111 14:32:02.870" endtime="20230111 14:32:03.463"/>
</iter>
<iter>
<var name="${element}">&lt;selenium.webdriver.remote.webelement.WebElement (session="68595923a9c9ae75829cdc751eb2e350", element="757c7815-3626-47cd-9dd4-01ae3eeeb19d")&gt;</var>
<kw name="Get Text" library="RPA.Browser.Selenium">
<var>${product name}</var>
<arg>${element}</arg>
<doc>Returns the text value of the element identified by ``locator``.</doc>
<msg timestamp="20230111 14:32:03.495" level="INFO">${product name} = Samsung Galaxy M13 (Aqua Green, 4GB, 64GB Storage) | 6000mAh Battery | Upto 8GB RAM with RAM Plus</msg>
<status status="PASS" starttime="20230111 14:32:03.465" endtime="20230111 14:32:03.496"/>
</kw>
<kw name="Log To Console" library="BuiltIn">
<arg>${product name}</arg>
<doc>Logs the given message to the console.</doc>
<status status="PASS" starttime="20230111 14:32:03.498" endtime="20230111 14:32:03.501"/>
</kw>
<kw name="Open Workbook" library="RPA.Excel.Files">
<arg>Amazon output.xlsx</arg>
<doc>Open an existing Excel workbook.</doc>
<msg timestamp="20230111 14:32:03.503" level="INFO">Closing workbook: &lt;RPA.Excel.Files.XlsxWorkbook object at 0x0000028B5442EEB0&gt;</msg>
<msg timestamp="20230111 14:32:03.806" level="INFO">Opened workbook: &lt;RPA.Excel.Files.XlsxWorkbook object at 0x0000028B543C7A90&gt;</msg>
<status status="PASS" starttime="20230111 14:32:03.502" endtime="20230111 14:32:03.809"/>
</kw>
<kw name="Read Worksheet" library="RPA.Excel.Files">
<arg>Sheet1</arg>
<doc>Read the content of a worksheet into a list of dictionaries.</doc>
<status status="PASS" starttime="20230111 14:32:03.812" endtime="20230111 14:32:03.960"/>
</kw>
<kw name="Set Cell Value" library="RPA.Excel.Files">
<arg>${count}</arg>
<arg>A</arg>
<arg>${product name}</arg>
<doc>Set a cell value in the given worksheet.</doc>
<status status="PASS" starttime="20230111 14:32:03.962" endtime="20230111 14:32:03.965"/>
</kw>
<kw name="Save Workbook" library="RPA.Excel.Files">
<doc>Save the active workbook.</doc>
<status status="PASS" starttime="20230111 14:32:03.966" endtime="20230111 14:32:04.043"/>
</kw>
<kw name="Evaluate" library="BuiltIn">
<var>${count}</var>
<arg>${count} + 1</arg>
<doc>Evaluates the given expression in Python and returns the result.</doc>
<msg timestamp="20230111 14:32:04.046" level="INFO">${count} = 10</msg>
<status status="PASS" starttime="20230111 14:32:04.045" endtime="20230111 14:32:04.047"/>
</kw>
<status status="PASS" starttime="20230111 14:32:03.464" endtime="20230111 14:32:04.048"/>
</iter>
<iter>
<var name="${element}">&lt;selenium.webdriver.remote.webelement.WebElement (session="68595923a9c9ae75829cdc751eb2e350", element="f7f2a73d-082e-4926-9c5f-07a98e2e50e7")&gt;</var>
<kw name="Get Text" library="RPA.Browser.Selenium">
<var>${product name}</var>
<arg>${element}</arg>
<doc>Returns the text value of the element identified by ``locator``.</doc>
<msg timestamp="20230111 14:32:04.073" level="INFO">${product name} = OPPO A31 (Mystery Black, 6GB RAM, 128GB Storage) with No Cost EMI/Additional Exchange Offers</msg>
<status status="PASS" starttime="20230111 14:32:04.050" endtime="20230111 14:32:04.075"/>
</kw>
<kw name="Log To Console" library="BuiltIn">
<arg>${product name}</arg>
<doc>Logs the given message to the console.</doc>
<status status="PASS" starttime="20230111 14:32:04.077" endtime="20230111 14:32:04.080"/>
</kw>
<kw name="Open Workbook" library="RPA.Excel.Files">
<arg>Amazon output.xlsx</arg>
<doc>Open an existing Excel workbook.</doc>
<msg timestamp="20230111 14:32:04.082" level="INFO">Closing workbook: &lt;RPA.Excel.Files.XlsxWorkbook object at 0x0000028B543C7A90&gt;</msg>
<msg timestamp="20230111 14:32:04.362" level="INFO">Opened workbook: &lt;RPA.Excel.Files.XlsxWorkbook object at 0x0000028B543C7A90&gt;</msg>
<status status="PASS" starttime="20230111 14:32:04.081" endtime="20230111 14:32:04.363"/>
</kw>
<kw name="Read Worksheet" library="RPA.Excel.Files">
<arg>Sheet1</arg>
<doc>Read the content of a worksheet into a list of dictionaries.</doc>
<status status="PASS" starttime="20230111 14:32:04.364" endtime="20230111 14:32:04.482"/>
</kw>
<kw name="Set Cell Value" library="RPA.Excel.Files">
<arg>${count}</arg>
<arg>A</arg>
<arg>${product name}</arg>
<doc>Set a cell value in the given worksheet.</doc>
<status status="PASS" starttime="20230111 14:32:04.484" endtime="20230111 14:32:04.486"/>
</kw>
<kw name="Save Workbook" library="RPA.Excel.Files">
<doc>Save the active workbook.</doc>
<status status="PASS" starttime="20230111 14:32:04.487" endtime="20230111 14:32:04.576"/>
</kw>
<kw name="Evaluate" library="BuiltIn">
<var>${count}</var>
<arg>${count} + 1</arg>
<doc>Evaluates the given expression in Python and returns the result.</doc>
<msg timestamp="20230111 14:32:04.579" level="INFO">${count} = 11</msg>
<status status="PASS" starttime="20230111 14:32:04.578" endtime="20230111 14:32:04.580"/>
</kw>
<status status="PASS" starttime="20230111 14:32:04.049" endtime="20230111 14:32:04.581"/>
</iter>
<iter>
<var name="${element}">&lt;selenium.webdriver.remote.webelement.WebElement (session="68595923a9c9ae75829cdc751eb2e350", element="84d438fe-4af2-4462-894e-8b2eede2e97a")&gt;</var>
<kw name="Get Text" library="RPA.Browser.Selenium">
<var>${product name}</var>
<arg>${element}</arg>
<doc>Returns the text value of the element identified by ``locator``.</doc>
<msg timestamp="20230111 14:32:04.607" level="INFO">${product name} = OPPO A74 5G (Fantastic Purple,6GB RAM,128GB Storage) with No Cost EMI/Additional Exchange Offers</msg>
<status status="PASS" starttime="20230111 14:32:04.582" endtime="20230111 14:32:04.609"/>
</kw>
<kw name="Log To Console" library="BuiltIn">
<arg>${product name}</arg>
<doc>Logs the given message to the console.</doc>
<status status="PASS" starttime="20230111 14:32:04.610" endtime="20230111 14:32:04.612"/>
</kw>
<kw name="Open Workbook" library="RPA.Excel.Files">
<arg>Amazon output.xlsx</arg>
<doc>Open an existing Excel workbook.</doc>
<msg timestamp="20230111 14:32:04.614" level="INFO">Closing workbook: &lt;RPA.Excel.Files.XlsxWorkbook object at 0x0000028B543C7A90&gt;</msg>
<msg timestamp="20230111 14:32:04.841" level="INFO">Opened workbook: &lt;RPA.Excel.Files.XlsxWorkbook object at 0x0000028B5424B340&gt;</msg>
<status status="PASS" starttime="20230111 14:32:04.613" endtime="20230111 14:32:04.842"/>
</kw>
<kw name="Read Worksheet" library="RPA.Excel.Files">
<arg>Sheet1</arg>
<doc>Read the content of a worksheet into a list of dictionaries.</doc>
<status status="PASS" starttime="20230111 14:32:04.843" endtime="20230111 14:32:04.994"/>
</kw>
<kw name="Set Cell Value" library="RPA.Excel.Files">
<arg>${count}</arg>
<arg>A</arg>
<arg>${product name}</arg>
<doc>Set a cell value in the given worksheet.</doc>
<status status="PASS" starttime="20230111 14:32:04.997" endtime="20230111 14:32:05.000"/>
</kw>
<kw name="Save Workbook" library="RPA.Excel.Files">
<doc>Save the active workbook.</doc>
<status status="PASS" starttime="20230111 14:32:05.001" endtime="20230111 14:32:05.084"/>
</kw>
<kw name="Evaluate" library="BuiltIn">
<var>${count}</var>
<arg>${count} + 1</arg>
<doc>Evaluates the given expression in Python and returns the result.</doc>
<msg timestamp="20230111 14:32:05.087" level="INFO">${count} = 12</msg>
<status status="PASS" starttime="20230111 14:32:05.085" endtime="20230111 14:32:05.088"/>
</kw>
<status status="PASS" starttime="20230111 14:32:04.581" endtime="20230111 14:32:05.091"/>
</iter>
<iter>
<var name="${element}">&lt;selenium.webdriver.remote.webelement.WebElement (session="68595923a9c9ae75829cdc751eb2e350", element="2d2ae368-1a6e-4ffc-95b7-20bcb14bea32")&gt;</var>
<kw name="Get Text" library="RPA.Browser.Selenium">
<var>${product name}</var>
<arg>${element}</arg>
<doc>Returns the text value of the element identified by ``locator``.</doc>
<msg timestamp="20230111 14:32:05.127" level="INFO">${product name} = Realme C30 (Denim Black, 2GB RAM, 32GB Storage)</msg>
<status status="PASS" starttime="20230111 14:32:05.094" endtime="20230111 14:32:05.128"/>
</kw>
<kw name="Log To Console" library="BuiltIn">
<arg>${product name}</arg>
<doc>Logs the given message to the console.</doc>
<status status="PASS" starttime="20230111 14:32:05.129" endtime="20230111 14:32:05.132"/>
</kw>
<kw name="Open Workbook" library="RPA.Excel.Files">
<arg>Amazon output.xlsx</arg>
<doc>Open an existing Excel workbook.</doc>
<msg timestamp="20230111 14:32:05.134" level="INFO">Closing workbook: &lt;RPA.Excel.Files.XlsxWorkbook object at 0x0000028B5424B340&gt;</msg>
<msg timestamp="20230111 14:32:05.368" level="INFO">Opened workbook: &lt;RPA.Excel.Files.XlsxWorkbook object at 0x0000028B54159640&gt;</msg>
<status status="PASS" starttime="20230111 14:32:05.132" endtime="20230111 14:32:05.369"/>
</kw>
<kw name="Read Worksheet" library="RPA.Excel.Files">
<arg>Sheet1</arg>
<doc>Read the content of a worksheet into a list of dictionaries.</doc>
<status status="PASS" starttime="20230111 14:32:05.370" endtime="20230111 14:32:05.502"/>
</kw>
<kw name="Set Cell Value" library="RPA.Excel.Files">
<arg>${count}</arg>
<arg>A</arg>
<arg>${product name}</arg>
<doc>Set a cell value in the given worksheet.</doc>
<status status="PASS" starttime="20230111 14:32:05.503" endtime="20230111 14:32:05.508"/>
</kw>
<kw name="Save Workbook" library="RPA.Excel.Files">
<doc>Save the active workbook.</doc>
<status status="PASS" starttime="20230111 14:32:05.509" endtime="20230111 14:32:05.602"/>
</kw>
<kw name="Evaluate" library="BuiltIn">
<var>${count}</var>
<arg>${count} + 1</arg>
<doc>Evaluates the given expression in Python and returns the result.</doc>
<msg timestamp="20230111 14:32:05.607" level="INFO">${count} = 13</msg>
<status status="PASS" starttime="20230111 14:32:05.603" endtime="20230111 14:32:05.608"/>
</kw>
<status status="PASS" starttime="20230111 14:32:05.093" endtime="20230111 14:32:05.609"/>
</iter>
<iter>
<var name="${element}">&lt;selenium.webdriver.remote.webelement.WebElement (session="68595923a9c9ae75829cdc751eb2e350", element="b75137cc-bdd5-4228-9bb1-e0fe8a1e0f8d")&gt;</var>
<kw name="Get Text" library="RPA.Browser.Selenium">
<var>${product name}</var>
<arg>${element}</arg>
<doc>Returns the text value of the element identified by ``locator``.</doc>
<msg timestamp="20230111 14:32:05.633" level="INFO">${product name} = INFINIX Smart 6 Hd Plus 2/32 Black</msg>
<status status="PASS" starttime="20230111 14:32:05.611" endtime="20230111 14:32:05.634"/>
</kw>
<kw name="Log To Console" library="BuiltIn">
<arg>${product name}</arg>
<doc>Logs the given message to the console.</doc>
<status status="PASS" starttime="20230111 14:32:05.635" endtime="20230111 14:32:05.637"/>
</kw>
<kw name="Open Workbook" library="RPA.Excel.Files">
<arg>Amazon output.xlsx</arg>
<doc>Open an existing Excel workbook.</doc>
<msg timestamp="20230111 14:32:05.643" level="INFO">Closing workbook: &lt;RPA.Excel.Files.XlsxWorkbook object at 0x0000028B54159640&gt;</msg>
<msg timestamp="20230111 14:32:05.899" level="INFO">Opened workbook: &lt;RPA.Excel.Files.XlsxWorkbook object at 0x0000028B542B4460&gt;</msg>
<status status="PASS" starttime="20230111 14:32:05.641" endtime="20230111 14:32:05.900"/>
</kw>
<kw name="Read Worksheet" library="RPA.Excel.Files">
<arg>Sheet1</arg>
<doc>Read the content of a worksheet into a list of dictionaries.</doc>
<status status="PASS" starttime="20230111 14:32:05.901" endtime="20230111 14:32:06.032"/>
</kw>
<kw name="Set Cell Value" library="RPA.Excel.Files">
<arg>${count}</arg>
<arg>A</arg>
<arg>${product name}</arg>
<doc>Set a cell value in the given worksheet.</doc>
<status status="PASS" starttime="20230111 14:32:06.033" endtime="20230111 14:32:06.036"/>
</kw>
<kw name="Save Workbook" library="RPA.Excel.Files">
<doc>Save the active workbook.</doc>
<status status="PASS" starttime="20230111 14:32:06.038" endtime="20230111 14:32:06.116"/>
</kw>
<kw name="Evaluate" library="BuiltIn">
<var>${count}</var>
<arg>${count} + 1</arg>
<doc>Evaluates the given expression in Python and returns the result.</doc>
<msg timestamp="20230111 14:32:06.120" level="INFO">${count} = 14</msg>
<status status="PASS" starttime="20230111 14:32:06.118" endtime="20230111 14:32:06.120"/>
</kw>
<status status="PASS" starttime="20230111 14:32:05.611" endtime="20230111 14:32:06.123"/>
</iter>
<iter>
<var name="${element}">&lt;selenium.webdriver.remote.webelement.WebElement (session="68595923a9c9ae75829cdc751eb2e350", element="7a59f3f6-f689-4949-926e-9338c03dd6da")&gt;</var>
<kw name="Get Text" library="RPA.Browser.Selenium">
<var>${product name}</var>
<arg>${element}</arg>
<doc>Returns the text value of the element identified by ``locator``.</doc>
<msg timestamp="20230111 14:32:06.151" level="INFO">${product name} = Redmi 9A Sport (Carbon Black, 2GB RAM, 32GB Storage) | 2GHz Octa-core Helio G25 Processor | 5000 mAh Battery</msg>
<status status="PASS" starttime="20230111 14:32:06.126" endtime="20230111 14:32:06.151"/>
</kw>
<kw name="Log To Console" library="BuiltIn">
<arg>${product name}</arg>
<doc>Logs the given message to the console.</doc>
<status status="PASS" starttime="20230111 14:32:06.153" endtime="20230111 14:32:06.160"/>
</kw>
<kw name="Open Workbook" library="RPA.Excel.Files">
<arg>Amazon output.xlsx</arg>
<doc>Open an existing Excel workbook.</doc>
<msg timestamp="20230111 14:32:06.162" level="INFO">Closing workbook: &lt;RPA.Excel.Files.XlsxWorkbook object at 0x0000028B542B4460&gt;</msg>
<msg timestamp="20230111 14:32:06.408" level="INFO">Opened workbook: &lt;RPA.Excel.Files.XlsxWorkbook object at 0x0000028B546BD430&gt;</msg>
<status status="PASS" starttime="20230111 14:32:06.161" endtime="20230111 14:32:06.408"/>
</kw>
<kw name="Read Worksheet" library="RPA.Excel.Files">
<arg>Sheet1</arg>
<doc>Read the content of a worksheet into a list of dictionaries.</doc>
<status status="PASS" starttime="20230111 14:32:06.411" endtime="20230111 14:32:06.596"/>
</kw>
<kw name="Set Cell Value" library="RPA.Excel.Files">
<arg>${count}</arg>
<arg>A</arg>
<arg>${product name}</arg>
<doc>Set a cell value in the given worksheet.</doc>
<status status="PASS" starttime="20230111 14:32:06.599" endtime="20230111 14:32:06.602"/>
</kw>
<kw name="Save Workbook" library="RPA.Excel.Files">
<doc>Save the active workbook.</doc>
<status status="PASS" starttime="20230111 14:32:06.603" endtime="20230111 14:32:06.694"/>
</kw>
<kw name="Evaluate" library="BuiltIn">
<var>${count}</var>
<arg>${count} + 1</arg>
<doc>Evaluates the given expression in Python and returns the result.</doc>
<msg timestamp="20230111 14:32:06.699" level="INFO">${count} = 15</msg>
<status status="PASS" starttime="20230111 14:32:06.696" endtime="20230111 14:32:06.700"/>
</kw>
<status status="PASS" starttime="20230111 14:32:06.125" endtime="20230111 14:32:06.701"/>
</iter>
<iter>
<var name="${element}">&lt;selenium.webdriver.remote.webelement.WebElement (session="68595923a9c9ae75829cdc751eb2e350", element="e98fc518-0bce-4429-a2f5-52acce2a343b")&gt;</var>
<kw name="Get Text" library="RPA.Browser.Selenium">
<var>${product name}</var>
<arg>${element}</arg>
<doc>Returns the text value of the element identified by ``locator``.</doc>
<msg timestamp="20230111 14:32:06.738" level="INFO">${product name} = realme narzo 50A Prime (Flash Black, 4GB RAM+128GB Storage) FHD+ Display | 50MP AI Triple Camera (No Charger Variant)</msg>
<status status="PASS" starttime="20230111 14:32:06.707" endtime="20230111 14:32:06.740"/>
</kw>
<kw name="Log To Console" library="BuiltIn">
<arg>${product name}</arg>
<doc>Logs the given message to the console.</doc>
<status status="PASS" starttime="20230111 14:32:06.742" endtime="20230111 14:32:06.745"/>
</kw>
<kw name="Open Workbook" library="RPA.Excel.Files">
<arg>Amazon output.xlsx</arg>
<doc>Open an existing Excel workbook.</doc>
<msg timestamp="20230111 14:32:06.749" level="INFO">Closing workbook: &lt;RPA.Excel.Files.XlsxWorkbook object at 0x0000028B546BD430&gt;</msg>
<msg timestamp="20230111 14:32:07.246" level="INFO">Opened workbook: &lt;RPA.Excel.Files.XlsxWorkbook object at 0x0000028B542B4B20&gt;</msg>
<status status="PASS" starttime="20230111 14:32:06.747" endtime="20230111 14:32:07.248"/>
</kw>
<kw name="Read Worksheet" library="RPA.Excel.Files">
<arg>Sheet1</arg>
<doc>Read the content of a worksheet into a list of dictionaries.</doc>
<status status="PASS" starttime="20230111 14:32:07.250" endtime="20230111 14:32:07.439"/>
</kw>
<kw name="Set Cell Value" library="RPA.Excel.Files">
<arg>${count}</arg>
<arg>A</arg>
<arg>${product name}</arg>
<doc>Set a cell value in the given worksheet.</doc>
<status status="PASS" starttime="20230111 14:32:07.444" endtime="20230111 14:32:07.448"/>
</kw>
<kw name="Save Workbook" library="RPA.Excel.Files">
<doc>Save the active workbook.</doc>
<status status="PASS" starttime="20230111 14:32:07.449" endtime="20230111 14:32:07.594"/>
</kw>
<kw name="Evaluate" library="BuiltIn">
<var>${count}</var>
<arg>${count} + 1</arg>
<doc>Evaluates the given expression in Python and returns the result.</doc>
<msg timestamp="20230111 14:32:07.599" level="INFO">${count} = 16</msg>
<status status="PASS" starttime="20230111 14:32:07.595" endtime="20230111 14:32:07.600"/>
</kw>
<status status="PASS" starttime="20230111 14:32:06.703" endtime="20230111 14:32:07.601"/>
</iter>
<iter>
<var name="${element}">&lt;selenium.webdriver.remote.webelement.WebElement (session="68595923a9c9ae75829cdc751eb2e350", element="b3333477-c92a-436c-8a62-6d06163e7ca0")&gt;</var>
<kw name="Get Text" library="RPA.Browser.Selenium">
<var>${product name}</var>
<arg>${element}</arg>
<doc>Returns the text value of the element identified by ``locator``.</doc>
<msg timestamp="20230111 14:32:07.687" level="INFO">${product name} = Redmi 9A (Midnight Black 2GB RAM 32GB Storage) | 2GHz Octa-core Helio G25 Processor | 5000 mAh Battery</msg>
<status status="PASS" starttime="20230111 14:32:07.606" endtime="20230111 14:32:07.691"/>
</kw>
<kw name="Log To Console" library="BuiltIn">
<arg>${product name}</arg>
<doc>Logs the given message to the console.</doc>
<status status="PASS" starttime="20230111 14:32:07.693" endtime="20230111 14:32:07.701"/>
</kw>
<kw name="Open Workbook" library="RPA.Excel.Files">
<arg>Amazon output.xlsx</arg>
<doc>Open an existing Excel workbook.</doc>
<msg timestamp="20230111 14:32:07.711" level="INFO">Closing workbook: &lt;RPA.Excel.Files.XlsxWorkbook object at 0x0000028B542B4B20&gt;</msg>
<msg timestamp="20230111 14:32:08.114" level="INFO">Opened workbook: &lt;RPA.Excel.Files.XlsxWorkbook object at 0x0000028B542A7520&gt;</msg>
<status status="PASS" starttime="20230111 14:32:07.705" endtime="20230111 14:32:08.116"/>
</kw>
<kw name="Read Worksheet" library="RPA.Excel.Files">
<arg>Sheet1</arg>
<doc>Read the content of a worksheet into a list of dictionaries.</doc>
<status status="PASS" starttime="20230111 14:32:08.118" endtime="20230111 14:32:08.298"/>
</kw>
<kw name="Set Cell Value" library="RPA.Excel.Files">
<arg>${count}</arg>
<arg>A</arg>
<arg>${product name}</arg>
<doc>Set a cell value in the given worksheet.</doc>
<status status="PASS" starttime="20230111 14:32:08.300" endtime="20230111 14:32:08.305"/>
</kw>
<kw name="Save Workbook" library="RPA.Excel.Files">
<doc>Save the active workbook.</doc>
<status status="PASS" starttime="20230111 14:32:08.308" endtime="20230111 14:32:08.422"/>
</kw>
<kw name="Evaluate" library="BuiltIn">
<var>${count}</var>
<arg>${count} + 1</arg>
<doc>Evaluates the given expression in Python and returns the result.</doc>
<msg timestamp="20230111 14:32:08.427" level="INFO">${count} = 17</msg>
<status status="PASS" starttime="20230111 14:32:08.424" endtime="20230111 14:32:08.428"/>
</kw>
<status status="PASS" starttime="20230111 14:32:07.602" endtime="20230111 14:32:08.429"/>
</iter>
<iter>
<var name="${element}">&lt;selenium.webdriver.remote.webelement.WebElement (session="68595923a9c9ae75829cdc751eb2e350", element="595b019e-5845-44ff-9921-4664b58075c8")&gt;</var>
<kw name="Get Text" library="RPA.Browser.Selenium">
<var>${product name}</var>
<arg>${element}</arg>
<doc>Returns the text value of the element identified by ``locator``.</doc>
<msg timestamp="20230111 14:32:08.472" level="INFO">${product name} = Nokia C01 Plus 4G, 5.45” HD+ Screen, Selfie Camera with Front Flash (Blue)</msg>
<status status="PASS" starttime="20230111 14:32:08.433" endtime="20230111 14:32:08.474"/>
</kw>
<kw name="Log To Console" library="BuiltIn">
<arg>${product name}</arg>
<doc>Logs the given message to the console.</doc>
<status status="PASS" starttime="20230111 14:32:08.476" endtime="20230111 14:32:08.480"/>
</kw>
<kw name="Open Workbook" library="RPA.Excel.Files">
<arg>Amazon output.xlsx</arg>
<doc>Open an existing Excel workbook.</doc>
<msg timestamp="20230111 14:32:08.484" level="INFO">Closing workbook: &lt;RPA.Excel.Files.XlsxWorkbook object at 0x0000028B542A7520&gt;</msg>
<msg timestamp="20230111 14:32:08.945" level="INFO">Opened workbook: &lt;RPA.Excel.Files.XlsxWorkbook object at 0x0000028B542B41F0&gt;</msg>
<status status="PASS" starttime="20230111 14:32:08.482" endtime="20230111 14:32:08.946"/>
</kw>
<kw name="Read Worksheet" library="RPA.Excel.Files">
<arg>Sheet1</arg>
<doc>Read the content of a worksheet into a list of dictionaries.</doc>
<status status="PASS" starttime="20230111 14:32:08.948" endtime="20230111 14:32:09.133"/>
</kw>
<kw name="Set Cell Value" library="RPA.Excel.Files">
<arg>${count}</arg>
<arg>A</arg>
<arg>${product name}</arg>
<doc>Set a cell value in the given worksheet.</doc>
<status status="PASS" starttime="20230111 14:32:09.135" endtime="20230111 14:32:09.142"/>
</kw>
<kw name="Save Workbook" library="RPA.Excel.Files">
<doc>Save the active workbook.</doc>
<status status="PASS" starttime="20230111 14:32:09.143" endtime="20230111 14:32:09.276"/>
</kw>
<kw name="Evaluate" library="BuiltIn">
<var>${count}</var>
<arg>${count} + 1</arg>
<doc>Evaluates the given expression in Python and returns the result.</doc>
<msg timestamp="20230111 14:32:09.281" level="INFO">${count} = 18</msg>
<status status="PASS" starttime="20230111 14:32:09.277" endtime="20230111 14:32:09.282"/>
</kw>
<status status="PASS" starttime="20230111 14:32:08.431" endtime="20230111 14:32:09.283"/>
</iter>
<iter>
<var name="${element}">&lt;selenium.webdriver.remote.webelement.WebElement (session="68595923a9c9ae75829cdc751eb2e350", element="4dbef319-958b-4185-95f4-2e79cae5f1e0")&gt;</var>
<kw name="Get Text" library="RPA.Browser.Selenium">
<var>${product name}</var>
<arg>${element}</arg>
<doc>Returns the text value of the element identified by ``locator``.</doc>
<msg timestamp="20230111 14:32:09.343" level="INFO">${product name} = iQOO Z6 44W by vivo (Raven Black, 6GB RAM, 128GB Storage) | 6.44" FHD+ AMOLED Display | 50% Charge in just 27 mins | in-Display Fingerprint Scanning</msg>
<status status="PASS" starttime="20230111 14:32:09.286" endtime="20230111 14:32:09.343"/>
</kw>
<kw name="Log To Console" library="BuiltIn">
<arg>${product name}</arg>
<doc>Logs the given message to the console.</doc>
<status status="PASS" starttime="20230111 14:32:09.345" endtime="20230111 14:32:09.348"/>
</kw>
<kw name="Open Workbook" library="RPA.Excel.Files">
<arg>Amazon output.xlsx</arg>
<doc>Open an existing Excel workbook.</doc>
<msg timestamp="20230111 14:32:09.353" level="INFO">Closing workbook: &lt;RPA.Excel.Files.XlsxWorkbook object at 0x0000028B542B41F0&gt;</msg>
<msg timestamp="20230111 14:32:09.697" level="INFO">Opened workbook: &lt;RPA.Excel.Files.XlsxWorkbook object at 0x0000028B54291130&gt;</msg>
<status status="PASS" starttime="20230111 14:32:09.350" endtime="20230111 14:32:09.699"/>
</kw>
<kw name="Read Worksheet" library="RPA.Excel.Files">
<arg>Sheet1</arg>
<doc>Read the content of a worksheet into a list of dictionaries.</doc>
<status status="PASS" starttime="20230111 14:32:09.701" endtime="20230111 14:32:09.909"/>
</kw>
<kw name="Set Cell Value" library="RPA.Excel.Files">
<arg>${count}</arg>
<arg>A</arg>
<arg>${product name}</arg>
<doc>Set a cell value in the given worksheet.</doc>
<status status="PASS" starttime="20230111 14:32:09.911" endtime="20230111 14:32:09.923"/>
</kw>
<kw name="Save Workbook" library="RPA.Excel.Files">
<doc>Save the active workbook.</doc>
<status status="PASS" starttime="20230111 14:32:09.927" endtime="20230111 14:32:10.064"/>
</kw>
<kw name="Evaluate" library="BuiltIn">
<var>${count}</var>
<arg>${count} + 1</arg>
<doc>Evaluates the given expression in Python and returns the result.</doc>
<msg timestamp="20230111 14:32:10.071" level="INFO">${count} = 19</msg>
<status status="PASS" starttime="20230111 14:32:10.066" endtime="20230111 14:32:10.073"/>
</kw>
<status status="PASS" starttime="20230111 14:32:09.284" endtime="20230111 14:32:10.074"/>
</iter>
<iter>
<var name="${element}">&lt;selenium.webdriver.remote.webelement.WebElement (session="68595923a9c9ae75829cdc751eb2e350", element="0cc105f4-85c9-4750-8e95-d37876982ee9")&gt;</var>
<kw name="Get Text" library="RPA.Browser.Selenium">
<var>${product name}</var>
<arg>${element}</arg>
<doc>Returns the text value of the element identified by ``locator``.</doc>
<msg timestamp="20230111 14:32:10.127" level="INFO">${product name} = realme narzo 50i (Mint Green, 2GB RAM+32GB Storage) Octa Core Processor | 6.5" inch Large Display</msg>
<status status="PASS" starttime="20230111 14:32:10.077" endtime="20230111 14:32:10.128"/>
</kw>
<kw name="Log To Console" library="BuiltIn">
<arg>${product name}</arg>
<doc>Logs the given message to the console.</doc>
<status status="PASS" starttime="20230111 14:32:10.129" endtime="20230111 14:32:10.133"/>
</kw>
<kw name="Open Workbook" library="RPA.Excel.Files">
<arg>Amazon output.xlsx</arg>
<doc>Open an existing Excel workbook.</doc>
<msg timestamp="20230111 14:32:10.140" level="INFO">Closing workbook: &lt;RPA.Excel.Files.XlsxWorkbook object at 0x0000028B54291130&gt;</msg>
<msg timestamp="20230111 14:32:10.588" level="INFO">Opened workbook: &lt;RPA.Excel.Files.XlsxWorkbook object at 0x0000028B54154D30&gt;</msg>
<status status="PASS" starttime="20230111 14:32:10.134" endtime="20230111 14:32:10.591"/>
</kw>
<kw name="Read Worksheet" library="RPA.Excel.Files">
<arg>Sheet1</arg>
<doc>Read the content of a worksheet into a list of dictionaries.</doc>
<status status="PASS" starttime="20230111 14:32:10.593" endtime="20230111 14:32:10.819"/>
</kw>
<kw name="Set Cell Value" library="RPA.Excel.Files">
<arg>${count}</arg>
<arg>A</arg>
<arg>${product name}</arg>
<doc>Set a cell value in the given worksheet.</doc>
<status status="PASS" starttime="20230111 14:32:10.822" endtime="20230111 14:32:10.825"/>
</kw>
<kw name="Save Workbook" library="RPA.Excel.Files">
<doc>Save the active workbook.</doc>
<status status="PASS" starttime="20230111 14:32:10.827" endtime="20230111 14:32:10.929"/>
</kw>
<kw name="Evaluate" library="BuiltIn">
<var>${count}</var>
<arg>${count} + 1</arg>
<doc>Evaluates the given expression in Python and returns the result.</doc>
<msg timestamp="20230111 14:32:10.934" level="INFO">${count} = 20</msg>
<status status="PASS" starttime="20230111 14:32:10.931" endtime="20230111 14:32:10.936"/>
</kw>
<status status="PASS" starttime="20230111 14:32:10.075" endtime="20230111 14:32:10.939"/>
</iter>
<iter>
<var name="${element}">&lt;selenium.webdriver.remote.webelement.WebElement (session="68595923a9c9ae75829cdc751eb2e350", element="ee8226cb-a35b-436f-9a39-c4578c30879f")&gt;</var>
<kw name="Get Text" library="RPA.Browser.Selenium">
<var>${product name}</var>
<arg>${element}</arg>
<doc>Returns the text value of the element identified by ``locator``.</doc>
<msg timestamp="20230111 14:32:10.977" level="INFO">${product name} = Redmi 10A Sport (Slate Grey, 6GB RAM, 128GB Storage) | 2 Ghz Octa Cor Helio G25 | 5000 mAh Battery | Finger Print Sensor | Upto 8GB RAM with RAM Booster</msg>
<status status="PASS" starttime="20230111 14:32:10.942" endtime="20230111 14:32:10.978"/>
</kw>
<kw name="Log To Console" library="BuiltIn">
<arg>${product name}</arg>
<doc>Logs the given message to the console.</doc>
<status status="PASS" starttime="20230111 14:32:10.979" endtime="20230111 14:32:10.982"/>
</kw>
<kw name="Open Workbook" library="RPA.Excel.Files">
<arg>Amazon output.xlsx</arg>
<doc>Open an existing Excel workbook.</doc>
<msg timestamp="20230111 14:32:10.988" level="INFO">Closing workbook: &lt;RPA.Excel.Files.XlsxWorkbook object at 0x0000028B54154D30&gt;</msg>
<msg timestamp="20230111 14:32:11.323" level="INFO">Opened workbook: &lt;RPA.Excel.Files.XlsxWorkbook object at 0x0000028B54154D30&gt;</msg>
<status status="PASS" starttime="20230111 14:32:10.985" endtime="20230111 14:32:11.325"/>
</kw>
<kw name="Read Worksheet" library="RPA.Excel.Files">
<arg>Sheet1</arg>
<doc>Read the content of a worksheet into a list of dictionaries.</doc>
<status status="PASS" starttime="20230111 14:32:11.327" endtime="20230111 14:32:11.482"/>
</kw>
<kw name="Set Cell Value" library="RPA.Excel.Files">
<arg>${count}</arg>
<arg>A</arg>
<arg>${product name}</arg>
<doc>Set a cell value in the given worksheet.</doc>
<status status="PASS" starttime="20230111 14:32:11.487" endtime="20230111 14:32:11.491"/>
</kw>
<kw name="Save Workbook" library="RPA.Excel.Files">
<doc>Save the active workbook.</doc>
<status status="PASS" starttime="20230111 14:32:11.492" endtime="20230111 14:32:11.586"/>
</kw>
<kw name="Evaluate" library="BuiltIn">
<var>${count}</var>
<arg>${count} + 1</arg>
<doc>Evaluates the given expression in Python and returns the result.</doc>
<msg timestamp="20230111 14:32:11.590" level="INFO">${count} = 21</msg>
<status status="PASS" starttime="20230111 14:32:11.589" endtime="20230111 14:32:11.591"/>
</kw>
<status status="PASS" starttime="20230111 14:32:10.940" endtime="20230111 14:32:11.592"/>
</iter>
<iter>
<var name="${element}">&lt;selenium.webdriver.remote.webelement.WebElement (session="68595923a9c9ae75829cdc751eb2e350", element="a54feaed-9a4e-40c3-b514-5e5cae15440e")&gt;</var>
<kw name="Get Text" library="RPA.Browser.Selenium">
<var>${product name}</var>
<arg>${element}</arg>
<doc>Returns the text value of the element identified by ``locator``.</doc>
<msg timestamp="20230111 14:32:11.625" level="INFO">${product name} = OnePlus Nord CE 2 Lite 5G (Black Dusk, 6GB RAM, 128GB Storage)</msg>
<status status="PASS" starttime="20230111 14:32:11.594" endtime="20230111 14:32:11.626"/>
</kw>
<kw name="Log To Console" library="BuiltIn">
<arg>${product name}</arg>
<doc>Logs the given message to the console.</doc>
<status status="PASS" starttime="20230111 14:32:11.628" endtime="20230111 14:32:11.631"/>
</kw>
<kw name="Open Workbook" library="RPA.Excel.Files">
<arg>Amazon output.xlsx</arg>
<doc>Open an existing Excel workbook.</doc>
<msg timestamp="20230111 14:32:11.636" level="INFO">Closing workbook: &lt;RPA.Excel.Files.XlsxWorkbook object at 0x0000028B54154D30&gt;</msg>
<msg timestamp="20230111 14:32:12.097" level="INFO">Opened workbook: &lt;RPA.Excel.Files.XlsxWorkbook object at 0x0000028B54154D30&gt;</msg>
<status status="PASS" starttime="20230111 14:32:11.632" endtime="20230111 14:32:12.099"/>
</kw>
<kw name="Read Worksheet" library="RPA.Excel.Files">
<arg>Sheet1</arg>
<doc>Read the content of a worksheet into a list of dictionaries.</doc>
<status status="PASS" starttime="20230111 14:32:12.102" endtime="20230111 14:32:12.272"/>
</kw>
<kw name="Set Cell Value" library="RPA.Excel.Files">
<arg>${count}</arg>
<arg>A</arg>
<arg>${product name}</arg>
<doc>Set a cell value in the given worksheet.</doc>
<status status="PASS" starttime="20230111 14:32:12.273" endtime="20230111 14:32:12.276"/>
</kw>
<kw name="Save Workbook" library="RPA.Excel.Files">
<doc>Save the active workbook.</doc>
<status status="PASS" starttime="20230111 14:32:12.278" endtime="20230111 14:32:12.389"/>
</kw>
<kw name="Evaluate" library="BuiltIn">
<var>${count}</var>
<arg>${count} + 1</arg>
<doc>Evaluates the given expression in Python and returns the result.</doc>
<msg timestamp="20230111 14:32:12.394" level="INFO">${count} = 22</msg>
<status status="PASS" starttime="20230111 14:32:12.391" endtime="20230111 14:32:12.394"/>
</kw>
<status status="PASS" starttime="20230111 14:32:11.593" endtime="20230111 14:32:12.395"/>
</iter>
<iter>
<var name="${element}">&lt;selenium.webdriver.remote.webelement.WebElement (session="68595923a9c9ae75829cdc751eb2e350", element="624e9f6f-2ba1-4369-9e24-6f2fe1f20161")&gt;</var>
<kw name="Get Text" library="RPA.Browser.Selenium">
<var>${product name}</var>
<arg>${element}</arg>
<doc>Returns the text value of the element identified by ``locator``.</doc>
<msg timestamp="20230111 14:32:12.435" level="INFO">${product name} = IKALL Z17 4G Smartphone with 6.82 Inch HD+ Display (4GB RAM, Android 10.0) (Grey)</msg>
<status status="PASS" starttime="20230111 14:32:12.400" endtime="20230111 14:32:12.438"/>
</kw>
<kw name="Log To Console" library="BuiltIn">
<arg>${product name}</arg>
<doc>Logs the given message to the console.</doc>
<status status="PASS" starttime="20230111 14:32:12.439" endtime="20230111 14:32:12.442"/>
</kw>
<kw name="Open Workbook" library="RPA.Excel.Files">
<arg>Amazon output.xlsx</arg>
<doc>Open an existing Excel workbook.</doc>
<msg timestamp="20230111 14:32:12.445" level="INFO">Closing workbook: &lt;RPA.Excel.Files.XlsxWorkbook object at 0x0000028B54154D30&gt;</msg>
<msg timestamp="20230111 14:32:12.742" level="INFO">Opened workbook: &lt;RPA.Excel.Files.XlsxWorkbook object at 0x0000028B54242190&gt;</msg>
<status status="PASS" starttime="20230111 14:32:12.443" endtime="20230111 14:32:12.743"/>
</kw>
<kw name="Read Worksheet" library="RPA.Excel.Files">
<arg>Sheet1</arg>
<doc>Read the content of a worksheet into a list of dictionaries.</doc>
<status status="PASS" starttime="20230111 14:32:12.744" endtime="20230111 14:32:12.898"/>
</kw>
<kw name="Set Cell Value" library="RPA.Excel.Files">
<arg>${count}</arg>
<arg>A</arg>
<arg>${product name}</arg>
<doc>Set a cell value in the given worksheet.</doc>
<status status="PASS" starttime="20230111 14:32:12.902" endtime="20230111 14:32:12.906"/>
</kw>
<kw name="Save Workbook" library="RPA.Excel.Files">
<doc>Save the active workbook.</doc>
<status status="PASS" starttime="20230111 14:32:12.908" endtime="20230111 14:32:13.021"/>
</kw>
<kw name="Evaluate" library="BuiltIn">
<var>${count}</var>
<arg>${count} + 1</arg>
<doc>Evaluates the given expression in Python and returns the result.</doc>
<msg timestamp="20230111 14:32:13.024" level="INFO">${count} = 23</msg>
<status status="PASS" starttime="20230111 14:32:13.021" endtime="20230111 14:32:13.025"/>
</kw>
<status status="PASS" starttime="20230111 14:32:12.397" endtime="20230111 14:32:13.025"/>
</iter>
<iter>
<var name="${element}">&lt;selenium.webdriver.remote.webelement.WebElement (session="68595923a9c9ae75829cdc751eb2e350", element="856888c3-38a5-492f-a669-1afcc74cdf6e")&gt;</var>
<kw name="Get Text" library="RPA.Browser.Selenium">
<var>${product name}</var>
<arg>${element}</arg>
<doc>Returns the text value of the element identified by ``locator``.</doc>
<msg timestamp="20230111 14:32:13.058" level="INFO">${product name} = IKALL Z15 Smartphone (6.8 Inch HD+ Display) (4GB, 64GB, 4G Volte) | Green</msg>
<status status="PASS" starttime="20230111 14:32:13.029" endtime="20230111 14:32:13.058"/>
</kw>
<kw name="Log To Console" library="BuiltIn">
<arg>${product name}</arg>
<doc>Logs the given message to the console.</doc>
<status status="PASS" starttime="20230111 14:32:13.060" endtime="20230111 14:32:13.062"/>
</kw>
<kw name="Open Workbook" library="RPA.Excel.Files">
<arg>Amazon output.xlsx</arg>
<doc>Open an existing Excel workbook.</doc>
<msg timestamp="20230111 14:32:13.066" level="INFO">Closing workbook: &lt;RPA.Excel.Files.XlsxWorkbook object at 0x0000028B54242190&gt;</msg>
<msg timestamp="20230111 14:32:13.334" level="INFO">Opened workbook: &lt;RPA.Excel.Files.XlsxWorkbook object at 0x0000028B5438DDC0&gt;</msg>
<status status="PASS" starttime="20230111 14:32:13.063" endtime="20230111 14:32:13.335"/>
</kw>
<kw name="Read Worksheet" library="RPA.Excel.Files">
<arg>Sheet1</arg>
<doc>Read the content of a worksheet into a list of dictionaries.</doc>
<status status="PASS" starttime="20230111 14:32:13.337" endtime="20230111 14:32:13.467"/>
</kw>
<kw name="Set Cell Value" library="RPA.Excel.Files">
<arg>${count}</arg>
<arg>A</arg>
<arg>${product name}</arg>
<doc>Set a cell value in the given worksheet.</doc>
<status status="PASS" starttime="20230111 14:32:13.469" endtime="20230111 14:32:13.471"/>
</kw>
<kw name="Save Workbook" library="RPA.Excel.Files">
<doc>Save the active workbook.</doc>
<status status="PASS" starttime="20230111 14:32:13.472" endtime="20230111 14:32:13.552"/>
</kw>
<kw name="Evaluate" library="BuiltIn">
<var>${count}</var>
<arg>${count} + 1</arg>
<doc>Evaluates the given expression in Python and returns the result.</doc>
<msg timestamp="20230111 14:32:13.556" level="INFO">${count} = 24</msg>
<status status="PASS" starttime="20230111 14:32:13.553" endtime="20230111 14:32:13.557"/>
</kw>
<status status="PASS" starttime="20230111 14:32:13.027" endtime="20230111 14:32:13.558"/>
</iter>
<status status="PASS" starttime="20230111 14:31:58.453" endtime="20230111 14:32:13.558"/>
</for>
<if>
<branch type="IF" condition="&quot;${product name}&quot; != &quot;None&quot;">
<kw name="Convert To Boolean" library="BuiltIn">
<var>${Check}</var>
<arg>True</arg>
<doc>Converts the given item to Boolean true or false.</doc>
<msg timestamp="20230111 14:32:13.564" level="INFO">${Check} = True</msg>
<status status="PASS" starttime="20230111 14:32:13.562" endtime="20230111 14:32:13.567"/>
</kw>
<status status="PASS" starttime="20230111 14:32:13.560" endtime="20230111 14:32:13.569"/>
</branch>
<branch type="ELSE">
<kw name="Convert To Boolean" library="BuiltIn">
<var>${Check}</var>
<arg>False</arg>
<doc>Converts the given item to Boolean true or false.</doc>
<status status="NOT RUN" starttime="20230111 14:32:13.570" endtime="20230111 14:32:13.571"/>
</kw>
<status status="NOT RUN" starttime="20230111 14:32:13.569" endtime="20230111 14:32:13.571"/>
</branch>
<status status="PASS" starttime="20230111 14:32:13.560" endtime="20230111 14:32:13.572"/>
</if>
<kw name="Get WebElements" library="RPA.Browser.Selenium">
<var>${rating}</var>
<arg>xpath=//span[@class="a-size-base"]</arg>
<doc>Returns a list of WebElement objects matching the ``locator``.</doc>
<msg timestamp="20230111 14:32:13.609" level="INFO">${rating} = [&lt;selenium.webdriver.remote.webelement.WebElement (session="68595923a9c9ae75829cdc751eb2e350", element="428921fe-9a98-4d15-9004-511b4cf6d996")&gt;, &lt;selenium.webdriver.remote.webelement.WebElement (sessi...</msg>
<status status="PASS" starttime="20230111 14:32:13.572" endtime="20230111 14:32:13.610"/>
</kw>
<for flavor="IN">
<var>${element}</var>
<value>@{rating}</value>
<iter>
<var name="${element}">&lt;selenium.webdriver.remote.webelement.WebElement (session="68595923a9c9ae75829cdc751eb2e350", element="428921fe-9a98-4d15-9004-511b4cf6d996")&gt;</var>
<kw name="Get Text" library="RPA.Browser.Selenium">
<var>${product rating}</var>
<arg>${element}</arg>
<doc>Returns the text value of the element identified by ``locator``.</doc>
<msg timestamp="20230111 14:32:13.638" level="INFO">${product rating} = </msg>
<status status="PASS" starttime="20230111 14:32:13.615" endtime="20230111 14:32:13.639"/>
</kw>
<kw name="Log To Console" library="BuiltIn">
<arg>${product rating}</arg>
<doc>Logs the given message to the console.</doc>
<status status="PASS" starttime="20230111 14:32:13.640" endtime="20230111 14:32:13.641"/>
</kw>
<kw name="Open Workbook" library="RPA.Excel.Files">
<arg>Amazon output.xlsx</arg>
<doc>Open an existing Excel workbook.</doc>
<msg timestamp="20230111 14:32:13.644" level="INFO">Closing workbook: &lt;RPA.Excel.Files.XlsxWorkbook object at 0x0000028B5438DDC0&gt;</msg>
<msg timestamp="20230111 14:32:13.893" level="INFO">Opened workbook: &lt;RPA.Excel.Files.XlsxWorkbook object at 0x0000028B5438DDC0&gt;</msg>
<status status="PASS" starttime="20230111 14:32:13.643" endtime="20230111 14:32:13.894"/>
</kw>
<kw name="Read Worksheet" library="RPA.Excel.Files">
<arg>Sheet1</arg>
<doc>Read the content of a worksheet into a list of dictionaries.</doc>
<status status="PASS" starttime="20230111 14:32:13.896" endtime="20230111 14:32:14.033"/>
</kw>
<kw name="Set Cell Value" library="RPA.Excel.Files">
<arg>${count}</arg>
<arg>B</arg>
<arg>${product rating}</arg>
<doc>Set a cell value in the given worksheet.</doc>
<status status="PASS" starttime="20230111 14:32:14.035" endtime="20230111 14:32:14.037"/>
</kw>
<kw name="Save Workbook" library="RPA.Excel.Files">
<doc>Save the active workbook.</doc>
<status status="PASS" starttime="20230111 14:32:14.039" endtime="20230111 14:32:14.131"/>
</kw>
<kw name="Evaluate" library="BuiltIn">
<var>${count}</var>
<arg>${count} + 1</arg>
<doc>Evaluates the given expression in Python and returns the result.</doc>
<msg timestamp="20230111 14:32:14.137" level="INFO">${count} = 25</msg>
<status status="PASS" starttime="20230111 14:32:14.134" endtime="20230111 14:32:14.138"/>
</kw>
<status status="PASS" starttime="20230111 14:32:13.613" endtime="20230111 14:32:14.139"/>
</iter>
<iter>
<var name="${element}">&lt;selenium.webdriver.remote.webelement.WebElement (session="68595923a9c9ae75829cdc751eb2e350", element="dcd6d80e-dce2-49bc-ab23-4a17abb8684c")&gt;</var>
<kw name="Get Text" library="RPA.Browser.Selenium">
<var>${product rating}</var>
<arg>${element}</arg>
<doc>Returns the text value of the element identified by ``locator``.</doc>
<msg timestamp="20230111 14:32:14.176" level="INFO">${product rating} = </msg>
<status status="PASS" starttime="20230111 14:32:14.142" endtime="20230111 14:32:14.176"/>
</kw>
<kw name="Log To Console" library="BuiltIn">
<arg>${product rating}</arg>
<doc>Logs the given message to the console.</doc>
<status status="PASS" starttime="20230111 14:32:14.179" endtime="20230111 14:32:14.185"/>
</kw>
<kw name="Open Workbook" library="RPA.Excel.Files">
<arg>Amazon output.xlsx</arg>
<doc>Open an existing Excel workbook.</doc>
<msg timestamp="20230111 14:32:14.189" level="INFO">Closing workbook: &lt;RPA.Excel.Files.XlsxWorkbook object at 0x0000028B5438DDC0&gt;</msg>
<msg timestamp="20230111 14:32:14.491" level="INFO">Opened workbook: &lt;RPA.Excel.Files.XlsxWorkbook object at 0x0000028B544BB4F0&gt;</msg>
<status status="PASS" starttime="20230111 14:32:14.187" endtime="20230111 14:32:14.492"/>
</kw>
<kw name="Read Worksheet" library="RPA.Excel.Files">
<arg>Sheet1</arg>
<doc>Read the content of a worksheet into a list of dictionaries.</doc>
<status status="PASS" starttime="20230111 14:32:14.492" endtime="20230111 14:32:14.652"/>
</kw>
<kw name="Set Cell Value" library="RPA.Excel.Files">
<arg>${count}</arg>
<arg>B</arg>
<arg>${product rating}</arg>
<doc>Set a cell value in the given worksheet.</doc>
<status status="PASS" starttime="20230111 14:32:14.653" endtime="20230111 14:32:14.657"/>
</kw>
<kw name="Save Workbook" library="RPA.Excel.Files">
<doc>Save the active workbook.</doc>
<status status="PASS" starttime="20230111 14:32:14.659" endtime="20230111 14:32:14.748"/>
</kw>
<kw name="Evaluate" library="BuiltIn">
<var>${count}</var>
<arg>${count} + 1</arg>
<doc>Evaluates the given expression in Python and returns the result.</doc>
<msg timestamp="20230111 14:32:14.753" level="INFO">${count} = 26</msg>
<status status="PASS" starttime="20230111 14:32:14.751" endtime="20230111 14:32:14.754"/>
</kw>
<status status="PASS" starttime="20230111 14:32:14.140" endtime="20230111 14:32:14.754"/>
</iter>
<iter>
<var name="${element}">&lt;selenium.webdriver.remote.webelement.WebElement (session="68595923a9c9ae75829cdc751eb2e350", element="821a1909-d9c9-4ff0-9ff2-b68f0b50dbca")&gt;</var>
<kw name="Get Text" library="RPA.Browser.Selenium">
<var>${product rating}</var>
<arg>${element}</arg>
<doc>Returns the text value of the element identified by ``locator``.</doc>
<msg timestamp="20230111 14:32:14.786" level="INFO">${product rating} = </msg>
<status status="PASS" starttime="20230111 14:32:14.756" endtime="20230111 14:32:14.786"/>
</kw>
<kw name="Log To Console" library="BuiltIn">
<arg>${product rating}</arg>
<doc>Logs the given message to the console.</doc>
<status status="PASS" starttime="20230111 14:32:14.787" endtime="20230111 14:32:14.790"/>
</kw>
<kw name="Open Workbook" library="RPA.Excel.Files">
<arg>Amazon output.xlsx</arg>
<doc>Open an existing Excel workbook.</doc>
<msg timestamp="20230111 14:32:14.793" level="INFO">Closing workbook: &lt;RPA.Excel.Files.XlsxWorkbook object at 0x0000028B544BB4F0&gt;</msg>
<msg timestamp="20230111 14:32:15.070" level="INFO">Opened workbook: &lt;RPA.Excel.Files.XlsxWorkbook object at 0x0000028B545B5460&gt;</msg>
<status status="PASS" starttime="20230111 14:32:14.791" endtime="20230111 14:32:15.070"/>
</kw>
<kw name="Read Worksheet" library="RPA.Excel.Files">
<arg>Sheet1</arg>
<doc>Read the content of a worksheet into a list of dictionaries.</doc>
<status status="PASS" starttime="20230111 14:32:15.071" endtime="20230111 14:32:15.210"/>
</kw>
<kw name="Set Cell Value" library="RPA.Excel.Files">
<arg>${count}</arg>
<arg>B</arg>
<arg>${product rating}</arg>
<doc>Set a cell value in the given worksheet.</doc>
<status status="PASS" starttime="20230111 14:32:15.211" endtime="20230111 14:32:15.213"/>
</kw>
<kw name="Save Workbook" library="RPA.Excel.Files">
<doc>Save the active workbook.</doc>
<status status="PASS" starttime="20230111 14:32:15.215" endtime="20230111 14:32:15.287"/>
</kw>
<kw name="Evaluate" library="BuiltIn">
<var>${count}</var>
<arg>${count} + 1</arg>
<doc>Evaluates the given expression in Python and returns the result.</doc>
<msg timestamp="20230111 14:32:15.291" level="INFO">${count} = 27</msg>
<status status="PASS" starttime="20230111 14:32:15.288" endtime="20230111 14:32:15.291"/>
</kw>
<status status="PASS" starttime="20230111 14:32:14.755" endtime="20230111 14:32:15.291"/>
</iter>
<iter>
<var name="${element}">&lt;selenium.webdriver.remote.webelement.WebElement (session="68595923a9c9ae75829cdc751eb2e350", element="82ac8697-3a6c-4570-8290-5599106b7da6")&gt;</var>
<kw name="Get Text" library="RPA.Browser.Selenium">
<var>${product rating}</var>
<arg>${element}</arg>
<doc>Returns the text value of the element identified by ``locator``.</doc>
<msg timestamp="20230111 14:32:15.320" level="INFO">${product rating} = </msg>
<status status="PASS" starttime="20230111 14:32:15.293" endtime="20230111 14:32:15.321"/>
</kw>
<kw name="Log To Console" library="BuiltIn">
<arg>${product rating}</arg>
<doc>Logs the given message to the console.</doc>
<status status="PASS" starttime="20230111 14:32:15.321" endtime="20230111 14:32:15.323"/>
</kw>
<kw name="Open Workbook" library="RPA.Excel.Files">
<arg>Amazon output.xlsx</arg>
<doc>Open an existing Excel workbook.</doc>
<msg timestamp="20230111 14:32:15.327" level="INFO">Closing workbook: &lt;RPA.Excel.Files.XlsxWorkbook object at 0x0000028B545B5460&gt;</msg>
<msg timestamp="20230111 14:32:15.564" level="INFO">Opened workbook: &lt;RPA.Excel.Files.XlsxWorkbook object at 0x0000028B547694C0&gt;</msg>
<status status="PASS" starttime="20230111 14:32:15.324" endtime="20230111 14:32:15.566"/>
</kw>
<kw name="Read Worksheet" library="RPA.Excel.Files">
<arg>Sheet1</arg>
<doc>Read the content of a worksheet into a list of dictionaries.</doc>
<status status="PASS" starttime="20230111 14:32:15.567" endtime="20230111 14:32:15.695"/>
</kw>
<kw name="Set Cell Value" library="RPA.Excel.Files">
<arg>${count}</arg>
<arg>B</arg>
<arg>${product rating}</arg>
<doc>Set a cell value in the given worksheet.</doc>
<status status="PASS" starttime="20230111 14:32:15.699" endtime="20230111 14:32:15.703"/>
</kw>
<kw name="Save Workbook" library="RPA.Excel.Files">
<doc>Save the active workbook.</doc>
<status status="PASS" starttime="20230111 14:32:15.705" endtime="20230111 14:32:15.851"/>
</kw>
<kw name="Evaluate" library="BuiltIn">
<var>${count}</var>
<arg>${count} + 1</arg>
<doc>Evaluates the given expression in Python and returns the result.</doc>
<msg timestamp="20230111 14:32:15.853" level="INFO">${count} = 28</msg>
<status status="PASS" starttime="20230111 14:32:15.852" endtime="20230111 14:32:15.853"/>
</kw>
<status status="PASS" starttime="20230111 14:32:15.292" endtime="20230111 14:32:15.854"/>
</iter>
<iter>
<var name="${element}">&lt;selenium.webdriver.remote.webelement.WebElement (session="68595923a9c9ae75829cdc751eb2e350", element="4bfb03d0-bc41-4636-8cf6-f70d77235922")&gt;</var>
<kw name="Get Text" library="RPA.Browser.Selenium">
<var>${product rating}</var>
<arg>${element}</arg>
<doc>Returns the text value of the element identified by ``locator``.</doc>
<msg timestamp="20230111 14:32:15.875" level="INFO">${product rating} = </msg>
<status status="PASS" starttime="20230111 14:32:15.856" endtime="20230111 14:32:15.876"/>
</kw>
<kw name="Log To Console" library="BuiltIn">
<arg>${product rating}</arg>
<doc>Logs the given message to the console.</doc>
<status status="PASS" starttime="20230111 14:32:15.878" endtime="20230111 14:32:15.880"/>
</kw>
<kw name="Open Workbook" library="RPA.Excel.Files">
<arg>Amazon output.xlsx</arg>
<doc>Open an existing Excel workbook.</doc>
<msg timestamp="20230111 14:32:15.885" level="INFO">Closing workbook: &lt;RPA.Excel.Files.XlsxWorkbook object at 0x0000028B547694C0&gt;</msg>
<msg timestamp="20230111 14:32:16.154" level="INFO">Opened workbook: &lt;RPA.Excel.Files.XlsxWorkbook object at 0x0000028B54453FA0&gt;</msg>
<status status="PASS" starttime="20230111 14:32:15.882" endtime="20230111 14:32:16.155"/>
</kw>
<kw name="Read Worksheet" library="RPA.Excel.Files">
<arg>Sheet1</arg>
<doc>Read the content of a worksheet into a list of dictionaries.</doc>
<status status="PASS" starttime="20230111 14:32:16.156" endtime="20230111 14:32:16.305"/>
</kw>
<kw name="Set Cell Value" library="RPA.Excel.Files">
<arg>${count}</arg>
<arg>B</arg>
<arg>${product rating}</arg>
<doc>Set a cell value in the given worksheet.</doc>
<status status="PASS" starttime="20230111 14:32:16.308" endtime="20230111 14:32:16.310"/>
</kw>
<kw name="Save Workbook" library="RPA.Excel.Files">
<doc>Save the active workbook.</doc>
<status status="PASS" starttime="20230111 14:32:16.311" endtime="20230111 14:32:16.408"/>
</kw>
<kw name="Evaluate" library="BuiltIn">
<var>${count}</var>
<arg>${count} + 1</arg>
<doc>Evaluates the given expression in Python and returns the result.</doc>
<msg timestamp="20230111 14:32:16.411" level="INFO">${count} = 29</msg>
<status status="PASS" starttime="20230111 14:32:16.409" endtime="20230111 14:32:16.412"/>
</kw>
<status status="PASS" starttime="20230111 14:32:15.855" endtime="20230111 14:32:16.413"/>
</iter>
<iter>
<var name="${element}">&lt;selenium.webdriver.remote.webelement.WebElement (session="68595923a9c9ae75829cdc751eb2e350", element="15105ff6-0559-4447-aa40-a7946ac9f50d")&gt;</var>
<kw name="Get Text" library="RPA.Browser.Selenium">
<var>${product rating}</var>
<arg>${element}</arg>
<doc>Returns the text value of the element identified by ``locator``.</doc>
<msg timestamp="20230111 14:32:16.443" level="INFO">${product rating} = (5.0)</msg>
<status status="PASS" starttime="20230111 14:32:16.419" endtime="20230111 14:32:16.444"/>
</kw>
<kw name="Log To Console" library="BuiltIn">
<arg>${product rating}</arg>
<doc>Logs the given message to the console.</doc>
<status status="PASS" starttime="20230111 14:32:16.446" endtime="20230111 14:32:16.451"/>
</kw>
<kw name="Open Workbook" library="RPA.Excel.Files">
<arg>Amazon output.xlsx</arg>
<doc>Open an existing Excel workbook.</doc>
<msg timestamp="20230111 14:32:16.453" level="INFO">Closing workbook: &lt;RPA.Excel.Files.XlsxWorkbook object at 0x0000028B54453FA0&gt;</msg>
<msg timestamp="20230111 14:32:16.765" level="INFO">Opened workbook: &lt;RPA.Excel.Files.XlsxWorkbook object at 0x0000028B544BBC10&gt;</msg>
<status status="PASS" starttime="20230111 14:32:16.452" endtime="20230111 14:32:16.767"/>
</kw>
<kw name="Read Worksheet" library="RPA.Excel.Files">
<arg>Sheet1</arg>
<doc>Read the content of a worksheet into a list of dictionaries.</doc>
<status status="PASS" starttime="20230111 14:32:16.768" endtime="20230111 14:32:16.983"/>
</kw>
<kw name="Set Cell Value" library="RPA.Excel.Files">
<arg>${count}</arg>
<arg>B</arg>
<arg>${product rating}</arg>
<doc>Set a cell value in the given worksheet.</doc>
<status status="PASS" starttime="20230111 14:32:16.985" endtime="20230111 14:32:16.989"/>
</kw>
<kw name="Save Workbook" library="RPA.Excel.Files">
<doc>Save the active workbook.</doc>
<status status="PASS" starttime="20230111 14:32:16.990" endtime="20230111 14:32:17.108"/>
</kw>
<kw name="Evaluate" library="BuiltIn">
<var>${count}</var>
<arg>${count} + 1</arg>
<doc>Evaluates the given expression in Python and returns the result.</doc>
<msg timestamp="20230111 14:32:17.113" level="INFO">${count} = 30</msg>
<status status="PASS" starttime="20230111 14:32:17.110" endtime="20230111 14:32:17.115"/>
</kw>
<status status="PASS" starttime="20230111 14:32:16.415" endtime="20230111 14:32:17.116"/>
</iter>
<iter>
<var name="${element}">&lt;selenium.webdriver.remote.webelement.WebElement (session="68595923a9c9ae75829cdc751eb2e350", element="e46fac10-6b42-4631-b53c-73459a052d12")&gt;</var>
<kw name="Get Text" library="RPA.Browser.Selenium">
<var>${product rating}</var>
<arg>${element}</arg>
<doc>Returns the text value of the element identified by ``locator``.</doc>
<msg timestamp="20230111 14:32:17.157" level="INFO">${product rating} = (4.0)</msg>
<status status="PASS" starttime="20230111 14:32:17.119" endtime="20230111 14:32:17.159"/>
</kw>
<kw name="Log To Console" library="BuiltIn">
<arg>${product rating}</arg>
<doc>Logs the given message to the console.</doc>
<status status="PASS" starttime="20230111 14:32:17.160" endtime="20230111 14:32:17.165"/>
</kw>
<kw name="Open Workbook" library="RPA.Excel.Files">
<arg>Amazon output.xlsx</arg>
<doc>Open an existing Excel workbook.</doc>
<msg timestamp="20230111 14:32:17.170" level="INFO">Closing workbook: &lt;RPA.Excel.Files.XlsxWorkbook object at 0x0000028B544BBC10&gt;</msg>
<msg timestamp="20230111 14:32:17.538" level="INFO">Opened workbook: &lt;RPA.Excel.Files.XlsxWorkbook object at 0x0000028B544BBC10&gt;</msg>
<status status="PASS" starttime="20230111 14:32:17.167" endtime="20230111 14:32:17.540"/>
</kw>
<kw name="Read Worksheet" library="RPA.Excel.Files">
<arg>Sheet1</arg>
<doc>Read the content of a worksheet into a list of dictionaries.</doc>
<status status="PASS" starttime="20230111 14:32:17.541" endtime="20230111 14:32:17.728"/>
</kw>
<kw name="Set Cell Value" library="RPA.Excel.Files">
<arg>${count}</arg>
<arg>B</arg>
<arg>${product rating}</arg>
<doc>Set a cell value in the given worksheet.</doc>
<status status="PASS" starttime="20230111 14:32:17.733" endtime="20230111 14:32:17.743"/>
</kw>
<kw name="Save Workbook" library="RPA.Excel.Files">
<doc>Save the active workbook.</doc>
[...]
</kw>
<kw name="Set Cell Value" library="RPA.Excel.Files">
<arg>${count}</arg>
<arg>C</arg>
<arg>${total price}</arg>
<doc>Set a cell value in the given worksheet.</doc>
<status status="PASS" starttime="20230111 14:33:13.993" endtime="20230111 14:33:13.996"/>
</kw>
<kw name="Save Workbook" library="RPA.Excel.Files">
<doc>Save the active workbook.</doc>
<status status="PASS" starttime="20230111 14:33:13.997" endtime="20230111 14:33:14.093"/>
</kw>
<kw name="Evaluate" library="BuiltIn">
<var>${count}</var>
<arg>${count} + 1</arg>
<doc>Evaluates the given expression in Python and returns the result.</doc>
<msg timestamp="20230111 14:33:14.097" level="INFO">${count} = 113</msg>
<status status="PASS" starttime="20230111 14:33:14.094" endtime="20230111 14:33:14.099"/>
</kw>
<status status="PASS" starttime="20230111 14:33:13.476" endtime="20230111 14:33:14.102"/>
</iter>
<iter>
<var name="${element}">&lt;selenium.webdriver.remote.webelement.WebElement (session="68595923a9c9ae75829cdc751eb2e350", element="23a09fa7-d1b8-42ae-b287-8e8955379dcc")&gt;</var>
<kw name="Get Text" library="RPA.Browser.Selenium">
<var>${total price}</var>
<arg>${element}</arg>
<doc>Returns the text value of the element identified by ``locator``.</doc>
<msg timestamp="20230111 14:33:14.145" level="INFO">${total price} = 5,345</msg>
<status status="PASS" starttime="20230111 14:33:14.105" endtime="20230111 14:33:14.145"/>
</kw>
<kw name="Log To Console" library="BuiltIn">
<arg>${total price}</arg>
<doc>Logs the given message to the console.</doc>
<status status="PASS" starttime="20230111 14:33:14.147" endtime="20230111 14:33:14.152"/>
</kw>
<kw name="Open Workbook" library="RPA.Excel.Files">
<arg>Amazon output.xlsx</arg>
<doc>Open an existing Excel workbook.</doc>
<msg timestamp="20230111 14:33:14.155" level="INFO">Closing workbook: &lt;RPA.Excel.Files.XlsxWorkbook object at 0x0000028B542A4C40&gt;</msg>
<msg timestamp="20230111 14:33:14.462" level="INFO">Opened workbook: &lt;RPA.Excel.Files.XlsxWorkbook object at 0x0000028B54453280&gt;</msg>
<status status="PASS" starttime="20230111 14:33:14.154" endtime="20230111 14:33:14.463"/>
</kw>
<kw name="Read Worksheet" library="RPA.Excel.Files">
<arg>Sheet1</arg>
<doc>Read the content of a worksheet into a list of dictionaries.</doc>
<status status="PASS" starttime="20230111 14:33:14.464" endtime="20230111 14:33:14.620"/>
</kw>
<kw name="Set Cell Value" library="RPA.Excel.Files">
<arg>${count}</arg>
<arg>C</arg>
<arg>${total price}</arg>
<doc>Set a cell value in the given worksheet.</doc>
<status status="PASS" starttime="20230111 14:33:14.621" endtime="20230111 14:33:14.625"/>
</kw>
<kw name="Save Workbook" library="RPA.Excel.Files">
<doc>Save the active workbook.</doc>
<status status="PASS" starttime="20230111 14:33:14.626" endtime="20230111 14:33:14.724"/>
</kw>
<kw name="Evaluate" library="BuiltIn">
<var>${count}</var>
<arg>${count} + 1</arg>
<doc>Evaluates the given expression in Python and returns the result.</doc>
<msg timestamp="20230111 14:33:14.726" level="INFO">${count} = 114</msg>
<status status="PASS" starttime="20230111 14:33:14.725" endtime="20230111 14:33:14.727"/>
</kw>
<status status="PASS" starttime="20230111 14:33:14.103" endtime="20230111 14:33:14.728"/>
</iter>
<iter>
<var name="${element}">&lt;selenium.webdriver.remote.webelement.WebElement (session="68595923a9c9ae75829cdc751eb2e350", element="22a712e6-a27b-46a7-8c62-c00788d20e13")&gt;</var>
<kw name="Get Text" library="RPA.Browser.Selenium">
<var>${total price}</var>
<arg>${element}</arg>
<doc>Returns the text value of the element identified by ``locator``.</doc>
<msg timestamp="20230111 14:33:14.771" level="INFO">${total price} = 15,999</msg>
<status status="PASS" starttime="20230111 14:33:14.730" endtime="20230111 14:33:14.772"/>
</kw>
<kw name="Log To Console" library="BuiltIn">
<arg>${total price}</arg>
<doc>Logs the given message to the console.</doc>
<status status="PASS" starttime="20230111 14:33:14.773" endtime="20230111 14:33:14.775"/>
</kw>
<kw name="Open Workbook" library="RPA.Excel.Files">
<arg>Amazon output.xlsx</arg>
<doc>Open an existing Excel workbook.</doc>
<msg timestamp="20230111 14:33:14.779" level="INFO">Closing workbook: &lt;RPA.Excel.Files.XlsxWorkbook object at 0x0000028B54453280&gt;</msg>
<msg timestamp="20230111 14:33:15.083" level="INFO">Opened workbook: &lt;RPA.Excel.Files.XlsxWorkbook object at 0x0000028B5430B7F0&gt;</msg>
<status status="PASS" starttime="20230111 14:33:14.777" endtime="20230111 14:33:15.084"/>
</kw>
<kw name="Read Worksheet" library="RPA.Excel.Files">
<arg>Sheet1</arg>
<doc>Read the content of a worksheet into a list of dictionaries.</doc>
<status status="PASS" starttime="20230111 14:33:15.086" endtime="20230111 14:33:15.224"/>
</kw>
<kw name="Set Cell Value" library="RPA.Excel.Files">
<arg>${count}</arg>
<arg>C</arg>
<arg>${total price}</arg>
<doc>Set a cell value in the given worksheet.</doc>
<status status="PASS" starttime="20230111 14:33:15.226" endtime="20230111 14:33:15.229"/>
</kw>
<kw name="Save Workbook" library="RPA.Excel.Files">
<doc>Save the active workbook.</doc>
<status status="PASS" starttime="20230111 14:33:15.229" endtime="20230111 14:33:15.314"/>
</kw>
<kw name="Evaluate" library="BuiltIn">
<var>${count}</var>
<arg>${count} + 1</arg>
<doc>Evaluates the given expression in Python and returns the result.</doc>
<msg timestamp="20230111 14:33:15.320" level="INFO">${count} = 115</msg>
<status status="PASS" starttime="20230111 14:33:15.318" endtime="20230111 14:33:15.321"/>
</kw>
<status status="PASS" starttime="20230111 14:33:14.729" endtime="20230111 14:33:15.322"/>
</iter>
<iter>
<var name="${element}">&lt;selenium.webdriver.remote.webelement.WebElement (session="68595923a9c9ae75829cdc751eb2e350", element="e10864e8-9a0b-4f23-b422-8f75b0d99637")&gt;</var>
<kw name="Get Text" library="RPA.Browser.Selenium">
<var>${total price}</var>
<arg>${element}</arg>
<doc>Returns the text value of the element identified by ``locator``.</doc>
<msg timestamp="20230111 14:33:15.351" level="INFO">${total price} = 5,999</msg>
<status status="PASS" starttime="20230111 14:33:15.323" endtime="20230111 14:33:15.352"/>
</kw>
<kw name="Log To Console" library="BuiltIn">
<arg>${total price}</arg>
<doc>Logs the given message to the console.</doc>
<status status="PASS" starttime="20230111 14:33:15.353" endtime="20230111 14:33:15.356"/>
</kw>
<kw name="Open Workbook" library="RPA.Excel.Files">
<arg>Amazon output.xlsx</arg>
<doc>Open an existing Excel workbook.</doc>
<msg timestamp="20230111 14:33:15.360" level="INFO">Closing workbook: &lt;RPA.Excel.Files.XlsxWorkbook object at 0x0000028B5430B7F0&gt;</msg>
<msg timestamp="20230111 14:33:15.619" level="INFO">Opened workbook: &lt;RPA.Excel.Files.XlsxWorkbook object at 0x0000028B5414C670&gt;</msg>
<status status="PASS" starttime="20230111 14:33:15.358" endtime="20230111 14:33:15.620"/>
</kw>
<kw name="Read Worksheet" library="RPA.Excel.Files">
<arg>Sheet1</arg>
<doc>Read the content of a worksheet into a list of dictionaries.</doc>
<status status="PASS" starttime="20230111 14:33:15.621" endtime="20230111 14:33:15.756"/>
</kw>
<kw name="Set Cell Value" library="RPA.Excel.Files">
<arg>${count}</arg>
<arg>C</arg>
<arg>${total price}</arg>
<doc>Set a cell value in the given worksheet.</doc>
<status status="PASS" starttime="20230111 14:33:15.758" endtime="20230111 14:33:15.760"/>
</kw>
<kw name="Save Workbook" library="RPA.Excel.Files">
<doc>Save the active workbook.</doc>
<status status="PASS" starttime="20230111 14:33:15.762" endtime="20230111 14:33:15.852"/>
</kw>
<kw name="Evaluate" library="BuiltIn">
<var>${count}</var>
<arg>${count} + 1</arg>
<doc>Evaluates the given expression in Python and returns the result.</doc>
<msg timestamp="20230111 14:33:15.856" level="INFO">${count} = 116</msg>
<status status="PASS" starttime="20230111 14:33:15.854" endtime="20230111 14:33:15.857"/>
</kw>
<status status="PASS" starttime="20230111 14:33:15.323" endtime="20230111 14:33:15.857"/>
</iter>
<iter>
<var name="${element}">&lt;selenium.webdriver.remote.webelement.WebElement (session="68595923a9c9ae75829cdc751eb2e350", element="c85520a7-ff43-4c66-9055-5430f4f79a24")&gt;</var>
<kw name="Get Text" library="RPA.Browser.Selenium">
<var>${total price}</var>
<arg>${element}</arg>
<doc>Returns the text value of the element identified by ``locator``.</doc>
<msg timestamp="20230111 14:33:15.888" level="INFO">${total price} = 10,499</msg>
<status status="PASS" starttime="20230111 14:33:15.860" endtime="20230111 14:33:15.888"/>
</kw>
<kw name="Log To Console" library="BuiltIn">
<arg>${total price}</arg>
<doc>Logs the given message to the console.</doc>
<status status="PASS" starttime="20230111 14:33:15.890" endtime="20230111 14:33:15.892"/>
</kw>
<kw name="Open Workbook" library="RPA.Excel.Files">
<arg>Amazon output.xlsx</arg>
<doc>Open an existing Excel workbook.</doc>
<msg timestamp="20230111 14:33:15.895" level="INFO">Closing workbook: &lt;RPA.Excel.Files.XlsxWorkbook object at 0x0000028B5414C670&gt;</msg>
<msg timestamp="20230111 14:33:16.250" level="INFO">Opened workbook: &lt;RPA.Excel.Files.XlsxWorkbook object at 0x0000028B54590250&gt;</msg>
<status status="PASS" starttime="20230111 14:33:15.893" endtime="20230111 14:33:16.252"/>
</kw>
<kw name="Read Worksheet" library="RPA.Excel.Files">
<arg>Sheet1</arg>
<doc>Read the content of a worksheet into a list of dictionaries.</doc>
<status status="PASS" starttime="20230111 14:33:16.253" endtime="20230111 14:33:16.386"/>
</kw>
<kw name="Set Cell Value" library="RPA.Excel.Files">
<arg>${count}</arg>
<arg>C</arg>
<arg>${total price}</arg>
<doc>Set a cell value in the given worksheet.</doc>
<status status="PASS" starttime="20230111 14:33:16.388" endtime="20230111 14:33:16.390"/>
</kw>
<kw name="Save Workbook" library="RPA.Excel.Files">
<doc>Save the active workbook.</doc>
<status status="PASS" starttime="20230111 14:33:16.392" endtime="20230111 14:33:16.480"/>
</kw>
<kw name="Evaluate" library="BuiltIn">
<var>${count}</var>
<arg>${count} + 1</arg>
<doc>Evaluates the given expression in Python and returns the result.</doc>
<msg timestamp="20230111 14:33:16.485" level="INFO">${count} = 117</msg>
<status status="PASS" starttime="20230111 14:33:16.483" endtime="20230111 14:33:16.485"/>
</kw>
<status status="PASS" starttime="20230111 14:33:15.859" endtime="20230111 14:33:16.486"/>
</iter>
<iter>
<var name="${element}">&lt;selenium.webdriver.remote.webelement.WebElement (session="68595923a9c9ae75829cdc751eb2e350", element="7123f1b6-41e7-4f39-92c7-c6b7a293f7a7")&gt;</var>
<kw name="Get Text" library="RPA.Browser.Selenium">
<var>${total price}</var>
<arg>${element}</arg>
<doc>Returns the text value of the element identified by ``locator``.</doc>
<msg timestamp="20230111 14:33:16.516" level="INFO">${total price} = 18,999</msg>
<status status="PASS" starttime="20230111 14:33:16.488" endtime="20230111 14:33:16.517"/>
</kw>
<kw name="Log To Console" library="BuiltIn">
<arg>${total price}</arg>
<doc>Logs the given message to the console.</doc>
<status status="PASS" starttime="20230111 14:33:16.518" endtime="20230111 14:33:16.520"/>
</kw>
<kw name="Open Workbook" library="RPA.Excel.Files">
<arg>Amazon output.xlsx</arg>
<doc>Open an existing Excel workbook.</doc>
<msg timestamp="20230111 14:33:16.523" level="INFO">Closing workbook: &lt;RPA.Excel.Files.XlsxWorkbook object at 0x0000028B54590250&gt;</msg>
<msg timestamp="20230111 14:33:16.787" level="INFO">Opened workbook: &lt;RPA.Excel.Files.XlsxWorkbook object at 0x0000028B54704E50&gt;</msg>
<status status="PASS" starttime="20230111 14:33:16.522" endtime="20230111 14:33:16.787"/>
</kw>
<kw name="Read Worksheet" library="RPA.Excel.Files">
<arg>Sheet1</arg>
<doc>Read the content of a worksheet into a list of dictionaries.</doc>
<status status="PASS" starttime="20230111 14:33:16.788" endtime="20230111 14:33:16.977"/>
</kw>
<kw name="Set Cell Value" library="RPA.Excel.Files">
<arg>${count}</arg>
<arg>C</arg>
<arg>${total price}</arg>
<doc>Set a cell value in the given worksheet.</doc>
<status status="PASS" starttime="20230111 14:33:16.980" endtime="20230111 14:33:16.985"/>
</kw>
<kw name="Save Workbook" library="RPA.Excel.Files">
<doc>Save the active workbook.</doc>
<status status="PASS" starttime="20230111 14:33:16.986" endtime="20230111 14:33:17.221"/>
</kw>
<kw name="Evaluate" library="BuiltIn">
<var>${count}</var>
<arg>${count} + 1</arg>
<doc>Evaluates the given expression in Python and returns the result.</doc>
<msg timestamp="20230111 14:33:17.226" level="INFO">${count} = 118</msg>
<status status="PASS" starttime="20230111 14:33:17.223" endtime="20230111 14:33:17.226"/>
</kw>
<status status="PASS" starttime="20230111 14:33:16.487" endtime="20230111 14:33:17.227"/>
</iter>
<iter>
<var name="${element}">&lt;selenium.webdriver.remote.webelement.WebElement (session="68595923a9c9ae75829cdc751eb2e350", element="cfdded84-30fc-4c51-a76c-22310cbb133d")&gt;</var>
<kw name="Get Text" library="RPA.Browser.Selenium">
<var>${total price}</var>
<arg>${element}</arg>
<doc>Returns the text value of the element identified by ``locator``.</doc>
<msg timestamp="20230111 14:33:17.261" level="INFO">${total price} = 6,799</msg>
<status status="PASS" starttime="20230111 14:33:17.232" endtime="20230111 14:33:17.265"/>
</kw>
<kw name="Log To Console" library="BuiltIn">
<arg>${total price}</arg>
<doc>Logs the given message to the console.</doc>
<status status="PASS" starttime="20230111 14:33:17.266" endtime="20230111 14:33:17.269"/>
</kw>
<kw name="Open Workbook" library="RPA.Excel.Files">
<arg>Amazon output.xlsx</arg>
<doc>Open an existing Excel workbook.</doc>
<msg timestamp="20230111 14:33:17.271" level="INFO">Closing workbook: &lt;RPA.Excel.Files.XlsxWorkbook object at 0x0000028B54704E50&gt;</msg>
<msg timestamp="20230111 14:33:17.543" level="INFO">Opened workbook: &lt;RPA.Excel.Files.XlsxWorkbook object at 0x0000028B54509FD0&gt;</msg>
<status status="PASS" starttime="20230111 14:33:17.270" endtime="20230111 14:33:17.544"/>
</kw>
<kw name="Read Worksheet" library="RPA.Excel.Files">
<arg>Sheet1</arg>
<doc>Read the content of a worksheet into a list of dictionaries.</doc>
<status status="PASS" starttime="20230111 14:33:17.544" endtime="20230111 14:33:17.682"/>
</kw>
<kw name="Set Cell Value" library="RPA.Excel.Files">
<arg>${count}</arg>
<arg>C</arg>
<arg>${total price}</arg>
<doc>Set a cell value in the given worksheet.</doc>
<status status="PASS" starttime="20230111 14:33:17.684" endtime="20230111 14:33:17.685"/>
</kw>
<kw name="Save Workbook" library="RPA.Excel.Files">
<doc>Save the active workbook.</doc>
<status status="PASS" starttime="20230111 14:33:17.687" endtime="20230111 14:33:17.774"/>
</kw>
<kw name="Evaluate" library="BuiltIn">
<var>${count}</var>
<arg>${count} + 1</arg>
<doc>Evaluates the given expression in Python and returns the result.</doc>
<msg timestamp="20230111 14:33:17.779" level="INFO">${count} = 119</msg>
<status status="PASS" starttime="20230111 14:33:17.776" endtime="20230111 14:33:17.781"/>
</kw>
<status status="PASS" starttime="20230111 14:33:17.229" endtime="20230111 14:33:17.782"/>
</iter>
<iter>
<var name="${element}">&lt;selenium.webdriver.remote.webelement.WebElement (session="68595923a9c9ae75829cdc751eb2e350", element="3241223f-a935-4600-b07a-6683ba1c61ae")&gt;</var>
<kw name="Get Text" library="RPA.Browser.Selenium">
<var>${total price}</var>
<arg>${element}</arg>
<doc>Returns the text value of the element identified by ``locator``.</doc>
<msg timestamp="20230111 14:33:17.820" level="INFO">${total price} = 6,799</msg>
<status status="PASS" starttime="20230111 14:33:17.786" endtime="20230111 14:33:17.821"/>
</kw>
<kw name="Log To Console" library="BuiltIn">
<arg>${total price}</arg>
<doc>Logs the given message to the console.</doc>
<status status="PASS" starttime="20230111 14:33:17.823" endtime="20230111 14:33:17.825"/>
</kw>
<kw name="Open Workbook" library="RPA.Excel.Files">
<arg>Amazon output.xlsx</arg>
<doc>Open an existing Excel workbook.</doc>
<msg timestamp="20230111 14:33:17.828" level="INFO">Closing workbook: &lt;RPA.Excel.Files.XlsxWorkbook object at 0x0000028B54509FD0&gt;</msg>
<msg timestamp="20230111 14:33:18.109" level="INFO">Opened workbook: &lt;RPA.Excel.Files.XlsxWorkbook object at 0x0000028B54509FD0&gt;</msg>
<status status="PASS" starttime="20230111 14:33:17.826" endtime="20230111 14:33:18.110"/>
</kw>
<kw name="Read Worksheet" library="RPA.Excel.Files">
<arg>Sheet1</arg>
<doc>Read the content of a worksheet into a list of dictionaries.</doc>
<status status="PASS" starttime="20230111 14:33:18.111" endtime="20230111 14:33:18.254"/>
</kw>
<kw name="Set Cell Value" library="RPA.Excel.Files">
<arg>${count}</arg>
<arg>C</arg>
<arg>${total price}</arg>
<doc>Set a cell value in the given worksheet.</doc>
<status status="PASS" starttime="20230111 14:33:18.255" endtime="20230111 14:33:18.257"/>
</kw>
<kw name="Save Workbook" library="RPA.Excel.Files">
<doc>Save the active workbook.</doc>
<status status="PASS" starttime="20230111 14:33:18.259" endtime="20230111 14:33:18.353"/>
</kw>
<kw name="Evaluate" library="BuiltIn">
<var>${count}</var>
<arg>${count} + 1</arg>
<doc>Evaluates the given expression in Python and returns the result.</doc>
<msg timestamp="20230111 14:33:18.357" level="INFO">${count} = 120</msg>
<status status="PASS" starttime="20230111 14:33:18.355" endtime="20230111 14:33:18.358"/>
</kw>
<status status="PASS" starttime="20230111 14:33:17.784" endtime="20230111 14:33:18.359"/>
</iter>
<status status="PASS" starttime="20230111 14:32:58.837" endtime="20230111 14:33:18.359"/>
</for>
<if>
<branch type="IF" condition="&quot;${total price}&quot; != &quot;None&quot;">
<kw name="Convert To Boolean" library="BuiltIn">
<var>${Check}</var>
<arg>True</arg>
<doc>Converts the given item to Boolean true or false.</doc>
<msg timestamp="20230111 14:33:18.367" level="INFO">${Check} = True</msg>
<status status="PASS" starttime="20230111 14:33:18.364" endtime="20230111 14:33:18.367"/>
</kw>
<status status="PASS" starttime="20230111 14:33:18.361" endtime="20230111 14:33:18.368"/>
</branch>
<branch type="ELSE">
<kw name="Convert To Boolean" library="BuiltIn">
<var>${Check}</var>
<arg>False</arg>
<doc>Converts the given item to Boolean true or false.</doc>
<status status="NOT RUN" starttime="20230111 14:33:18.371" endtime="20230111 14:33:18.372"/>
</kw>
<status status="NOT RUN" starttime="20230111 14:33:18.369" endtime="20230111 14:33:18.373"/>
</branch>
<status status="PASS" starttime="20230111 14:33:18.361" endtime="20230111 14:33:18.373"/>
</if>
<status status="PASS" starttime="20230111 14:31:58.385" endtime="20230111 14:33:18.374"/>
</kw>
<status status="PASS" starttime="20230111 14:31:58.383" endtime="20230111 14:33:18.375"/>
</branch>
<status status="PASS" starttime="20230111 14:31:37.095" endtime="20230111 14:33:18.376"/>
</try>
<status status="PASS" starttime="20230111 14:31:37.090" endtime="20230111 14:33:18.379"/>
</test>
<doc>Template robot main suite
Opening amazon website
Searching for products
Scraping the data with product details and stores into list table
Creating table list for text price url and Rating
converting table into csv files save the data into excel sheet.</doc>
<status status="PASS" starttime="20230111 14:31:33.140" endtime="20230111 14:33:18.388"/>
</suite>
<statistics>
<total>
<stat pass="1" fail="0" skip="0">All Tasks</stat>
</total>
<tag>
</tag>
<suite>
<stat pass="1" fail="0" skip="0" id="s1" name="Amazontask">Amazontask</stat>
</suite>
</statistics>
<errors>
</errors>
</robot>
